22-Jul-2022 16:55:00.112 INFO [main] org.apache.catalina.startup.VersionLoggerListener.log Nom version serveur :              Apache Tomcat/9.0.65
22-Jul-2022 16:55:00.121 INFO [main] org.apache.catalina.startup.VersionLoggerListener.log Serveur compilé :                  Jul 14 2022 12:28:53 UTC
22-Jul-2022 16:55:00.121 INFO [main] org.apache.catalina.startup.VersionLoggerListener.log Version du serveur :               9.0.65.0
22-Jul-2022 16:55:00.122 INFO [main] org.apache.catalina.startup.VersionLoggerListener.log Nom de l'OS :                      Windows 11
22-Jul-2022 16:55:00.122 INFO [main] org.apache.catalina.startup.VersionLoggerListener.log Version OS :                       10.0
22-Jul-2022 16:55:00.122 INFO [main] org.apache.catalina.startup.VersionLoggerListener.log Architecture :                     amd64
22-Jul-2022 16:55:00.122 INFO [main] org.apache.catalina.startup.VersionLoggerListener.log Java Home :                        C:\Program Files\Java\jdk-18.0.2
22-Jul-2022 16:55:00.122 INFO [main] org.apache.catalina.startup.VersionLoggerListener.log Version JVM :                      18.0.2+9-61
22-Jul-2022 16:55:00.122 INFO [main] org.apache.catalina.startup.VersionLoggerListener.log Fournisseur de la JVM :            Oracle Corporation
22-Jul-2022 16:55:00.123 INFO [main] org.apache.catalina.startup.VersionLoggerListener.log CATALINA_BASE :                    C:\Users\bila_\Desktop\J2E\apache-tomcat-9.0.65
22-Jul-2022 16:55:00.123 INFO [main] org.apache.catalina.startup.VersionLoggerListener.log CATALINA_HOME :                    C:\Users\bila_\Desktop\J2E\apache-tomcat-9.0.65
22-Jul-2022 16:55:00.158 INFO [main] org.apache.catalina.startup.VersionLoggerListener.log Argument de la ligne de commande : --add-opens=java.base/java.lang=ALL-UNNAMED
22-Jul-2022 16:55:00.159 INFO [main] org.apache.catalina.startup.VersionLoggerListener.log Argument de la ligne de commande : --add-opens=java.base/java.io=ALL-UNNAMED
22-Jul-2022 16:55:00.159 INFO [main] org.apache.catalina.startup.VersionLoggerListener.log Argument de la ligne de commande : --add-opens=java.base/java.util=ALL-UNNAMED
22-Jul-2022 16:55:00.159 INFO [main] org.apache.catalina.startup.VersionLoggerListener.log Argument de la ligne de commande : --add-opens=java.base/java.util.concurrent=ALL-UNNAMED
22-Jul-2022 16:55:00.159 INFO [main] org.apache.catalina.startup.VersionLoggerListener.log Argument de la ligne de commande : --add-opens=java.rmi/sun.rmi.transport=ALL-UNNAMED
22-Jul-2022 16:55:00.160 INFO [main] org.apache.catalina.startup.VersionLoggerListener.log Argument de la ligne de commande : -Djava.util.logging.config.file=C:\Users\bila_\Desktop\J2E\apache-tomcat-9.0.65\conf\logging.properties
22-Jul-2022 16:55:00.160 INFO [main] org.apache.catalina.startup.VersionLoggerListener.log Argument de la ligne de commande : -Djava.util.logging.manager=org.apache.juli.ClassLoaderLogManager
22-Jul-2022 16:55:00.160 INFO [main] org.apache.catalina.startup.VersionLoggerListener.log Argument de la ligne de commande : -Dhttp.nonProxyHosts=localhost|127.0.0.1|LAPTOP-UJ0N6OHD
22-Jul-2022 16:55:00.161 INFO [main] org.apache.catalina.startup.VersionLoggerListener.log Argument de la ligne de commande : -Djdk.tls.ephemeralDHKeySize=2048
22-Jul-2022 16:55:00.161 INFO [main] org.apache.catalina.startup.VersionLoggerListener.log Argument de la ligne de commande : -Djava.protocol.handler.pkgs=org.apache.catalina.webresources
22-Jul-2022 16:55:00.161 INFO [main] org.apache.catalina.startup.VersionLoggerListener.log Argument de la ligne de commande : -Dignore.endorsed.dirs=
22-Jul-2022 16:55:00.161 INFO [main] org.apache.catalina.startup.VersionLoggerListener.log Argument de la ligne de commande : -Dcatalina.base=C:\Users\bila_\Desktop\J2E\apache-tomcat-9.0.65
22-Jul-2022 16:55:00.161 INFO [main] org.apache.catalina.startup.VersionLoggerListener.log Argument de la ligne de commande : -Dcatalina.home=C:\Users\bila_\Desktop\J2E\apache-tomcat-9.0.65
22-Jul-2022 16:55:00.161 INFO [main] org.apache.catalina.startup.VersionLoggerListener.log Argument de la ligne de commande : -Djava.io.tmpdir=C:\Users\bila_\Desktop\J2E\apache-tomcat-9.0.65\temp
22-Jul-2022 16:55:00.226 INFO [main] org.apache.catalina.core.AprLifecycleListener.lifecycleEvent Chargement de la librairie Apache Tomcat Native [1.2.35] en utilisant APR version [1.7.0]
22-Jul-2022 16:55:00.226 INFO [main] org.apache.catalina.core.AprLifecycleListener.lifecycleEvent Fonctionnalités d'APR : IPv6 [true], sendfile [true], accept filters [false], random [true], UDS [true]
22-Jul-2022 16:55:00.226 INFO [main] org.apache.catalina.core.AprLifecycleListener.lifecycleEvent Configuration de APR/OpenSSL : useAprConnector [false], useOpenSSL [true]
22-Jul-2022 16:55:00.251 INFO [main] org.apache.catalina.core.AprLifecycleListener.initializeSSL OpenSSL a été initialisé avec succès [OpenSSL 1.1.1q  5 Jul 2022]
22-Jul-2022 16:55:00.820 INFO [main] org.apache.coyote.AbstractProtocol.init Initialisation du gestionnaire de protocole ["http-nio-8080"]
22-Jul-2022 16:55:00.868 INFO [main] org.apache.catalina.startup.Catalina.load L'initialisation du serveur a pris [1294] millisecondes
22-Jul-2022 16:55:00.957 INFO [main] org.apache.catalina.core.StandardService.startInternal Démarrage du service [Catalina]
22-Jul-2022 16:55:00.957 INFO [main] org.apache.catalina.core.StandardEngine.startInternal Démarrage du moteur de Servlets : [Apache Tomcat/9.0.65]
22-Jul-2022 16:55:00.981 INFO [main] org.apache.catalina.startup.HostConfig.deployDirectory Déploiement du répertoire d'application web [C:\Users\bila_\Desktop\J2E\apache-tomcat-9.0.65\webapps\docs]
22-Jul-2022 16:55:01.645 INFO [main] org.apache.catalina.startup.HostConfig.deployDirectory Le déploiement du répertoire [C:\Users\bila_\Desktop\J2E\apache-tomcat-9.0.65\webapps\docs] de l'application web s'est terminé en [659] ms
22-Jul-2022 16:55:01.647 INFO [main] org.apache.catalina.startup.HostConfig.deployDirectory Déploiement du répertoire d'application web [C:\Users\bila_\Desktop\J2E\apache-tomcat-9.0.65\webapps\examples]
22-Jul-2022 16:55:02.908 INFO [main] org.apache.catalina.startup.HostConfig.deployDirectory Le déploiement du répertoire [C:\Users\bila_\Desktop\J2E\apache-tomcat-9.0.65\webapps\examples] de l'application web s'est terminé en [1 262] ms
22-Jul-2022 16:55:02.910 INFO [main] org.apache.catalina.startup.HostConfig.deployDirectory Déploiement du répertoire d'application web [C:\Users\bila_\Desktop\J2E\apache-tomcat-9.0.65\webapps\host-manager]
22-Jul-2022 16:55:03.019 INFO [main] org.apache.catalina.startup.HostConfig.deployDirectory Le déploiement du répertoire [C:\Users\bila_\Desktop\J2E\apache-tomcat-9.0.65\webapps\host-manager] de l'application web s'est terminé en [109] ms
22-Jul-2022 16:55:03.020 INFO [main] org.apache.catalina.startup.HostConfig.deployDirectory Déploiement du répertoire d'application web [C:\Users\bila_\Desktop\J2E\apache-tomcat-9.0.65\webapps\manager]
22-Jul-2022 16:55:03.140 INFO [main] org.apache.catalina.startup.HostConfig.deployDirectory Le déploiement du répertoire [C:\Users\bila_\Desktop\J2E\apache-tomcat-9.0.65\webapps\manager] de l'application web s'est terminé en [120] ms
22-Jul-2022 16:55:03.141 INFO [main] org.apache.catalina.startup.HostConfig.deployDirectory Déploiement du répertoire d'application web [C:\Users\bila_\Desktop\J2E\apache-tomcat-9.0.65\webapps\ROOT]
22-Jul-2022 16:55:03.196 INFO [main] org.apache.catalina.startup.HostConfig.deployDirectory Le déploiement du répertoire [C:\Users\bila_\Desktop\J2E\apache-tomcat-9.0.65\webapps\ROOT] de l'application web s'est terminé en [56] ms
22-Jul-2022 16:55:03.203 INFO [main] org.apache.coyote.AbstractProtocol.start Démarrage du gestionnaire de protocole ["http-nio-8080"]
22-Jul-2022 16:55:03.299 INFO [main] org.apache.catalina.startup.Catalina.start Le démarrage du serveur a pris [2429] millisecondes
22-Jul-2022 16:56:59.787 WARNING [http-nio-8080-exec-9] org.apache.catalina.realm.LockOutRealm.filterLockedAccounts Une tentative d'authentification a été effectuée pour l'utilisateur verrouillé ("locked user") []
22-Jul-2022 16:57:05.699 WARNING [http-nio-8080-exec-3] org.apache.catalina.realm.LockOutRealm.filterLockedAccounts Une tentative d'authentification a été effectuée pour l'utilisateur verrouillé ("locked user") []
22-Jul-2022 16:57:05.708 WARNING [http-nio-8080-exec-4] org.apache.catalina.realm.LockOutRealm.filterLockedAccounts Une tentative d'authentification a été effectuée pour l'utilisateur verrouillé ("locked user") []
22-Jul-2022 16:57:34.275 WARNING [http-nio-8080-exec-7] org.apache.catalina.realm.LockOutRealm.filterLockedAccounts Une tentative d'authentification a été effectuée pour l'utilisateur verrouillé ("locked user") []
22-Jul-2022 16:57:34.281 WARNING [http-nio-8080-exec-1] org.apache.catalina.realm.LockOutRealm.filterLockedAccounts Une tentative d'authentification a été effectuée pour l'utilisateur verrouillé ("locked user") []
22-Jul-2022 16:58:22.491 INFO [main] org.apache.catalina.core.StandardServer.await Une commande d'arrêt valide a été reçue sur le port d'arrêt, arrêt de l'instance du serveur
22-Jul-2022 16:58:22.492 INFO [main] org.apache.coyote.AbstractProtocol.pause Le gestionnaire de protocole ["http-nio-8080"] est mis en pause
22-Jul-2022 16:58:22.508 INFO [main] org.apache.catalina.core.StandardService.stopInternal Arrêt du service [Catalina]
22-Jul-2022 16:58:22.557 INFO [main] org.apache.coyote.AbstractProtocol.stop Arrêt du gestionnaire de protocole ["http-nio-8080"]
22-Jul-2022 16:58:22.577 INFO [main] org.apache.coyote.AbstractProtocol.destroy Destruction du gestionnaire de protocole ["http-nio-8080"]
22-Jul-2022 16:58:26.850 INFO [main] org.apache.catalina.startup.VersionLoggerListener.log Nom version serveur :              Apache Tomcat/9.0.65
22-Jul-2022 16:58:26.858 INFO [main] org.apache.catalina.startup.VersionLoggerListener.log Serveur compilé :                  Jul 14 2022 12:28:53 UTC
22-Jul-2022 16:58:26.859 INFO [main] org.apache.catalina.startup.VersionLoggerListener.log Version du serveur :               9.0.65.0
22-Jul-2022 16:58:26.859 INFO [main] org.apache.catalina.startup.VersionLoggerListener.log Nom de l'OS :                      Windows 11
22-Jul-2022 16:58:26.859 INFO [main] org.apache.catalina.startup.VersionLoggerListener.log Version OS :                       10.0
22-Jul-2022 16:58:26.859 INFO [main] org.apache.catalina.startup.VersionLoggerListener.log Architecture :                     amd64
22-Jul-2022 16:58:26.859 INFO [main] org.apache.catalina.startup.VersionLoggerListener.log Java Home :                        C:\Program Files\Java\jdk-18.0.2
22-Jul-2022 16:58:26.859 INFO [main] org.apache.catalina.startup.VersionLoggerListener.log Version JVM :                      18.0.2+9-61
22-Jul-2022 16:58:26.860 INFO [main] org.apache.catalina.startup.VersionLoggerListener.log Fournisseur de la JVM :            Oracle Corporation
22-Jul-2022 16:58:26.860 INFO [main] org.apache.catalina.startup.VersionLoggerListener.log CATALINA_BASE :                    C:\Users\bila_\Desktop\J2E\apache-tomcat-9.0.65
22-Jul-2022 16:58:26.860 INFO [main] org.apache.catalina.startup.VersionLoggerListener.log CATALINA_HOME :                    C:\Users\bila_\Desktop\J2E\apache-tomcat-9.0.65
22-Jul-2022 16:58:26.886 INFO [main] org.apache.catalina.startup.VersionLoggerListener.log Argument de la ligne de commande : --add-opens=java.base/java.lang=ALL-UNNAMED
22-Jul-2022 16:58:26.887 INFO [main] org.apache.catalina.startup.VersionLoggerListener.log Argument de la ligne de commande : --add-opens=java.base/java.io=ALL-UNNAMED
22-Jul-2022 16:58:26.887 INFO [main] org.apache.catalina.startup.VersionLoggerListener.log Argument de la ligne de commande : --add-opens=java.base/java.util=ALL-UNNAMED
22-Jul-2022 16:58:26.887 INFO [main] org.apache.catalina.startup.VersionLoggerListener.log Argument de la ligne de commande : --add-opens=java.base/java.util.concurrent=ALL-UNNAMED
22-Jul-2022 16:58:26.887 INFO [main] org.apache.catalina.startup.VersionLoggerListener.log Argument de la ligne de commande : --add-opens=java.rmi/sun.rmi.transport=ALL-UNNAMED
22-Jul-2022 16:58:26.888 INFO [main] org.apache.catalina.startup.VersionLoggerListener.log Argument de la ligne de commande : -Djava.util.logging.config.file=C:\Users\bila_\Desktop\J2E\apache-tomcat-9.0.65\conf\logging.properties
22-Jul-2022 16:58:26.888 INFO [main] org.apache.catalina.startup.VersionLoggerListener.log Argument de la ligne de commande : -Djava.util.logging.manager=org.apache.juli.ClassLoaderLogManager
22-Jul-2022 16:58:26.888 INFO [main] org.apache.catalina.startup.VersionLoggerListener.log Argument de la ligne de commande : -Dhttp.nonProxyHosts=localhost|127.0.0.1|LAPTOP-UJ0N6OHD
22-Jul-2022 16:58:26.888 INFO [main] org.apache.catalina.startup.VersionLoggerListener.log Argument de la ligne de commande : -Djdk.tls.ephemeralDHKeySize=2048
22-Jul-2022 16:58:26.889 INFO [main] org.apache.catalina.startup.VersionLoggerListener.log Argument de la ligne de commande : -Djava.protocol.handler.pkgs=org.apache.catalina.webresources
22-Jul-2022 16:58:26.889 INFO [main] org.apache.catalina.startup.VersionLoggerListener.log Argument de la ligne de commande : -agentlib:jdwp=transport=dt_shmem,address=tomcat_shared_memory_id,server=y,suspend=n
22-Jul-2022 16:58:26.889 INFO [main] org.apache.catalina.startup.VersionLoggerListener.log Argument de la ligne de commande : -Dignore.endorsed.dirs=
22-Jul-2022 16:58:26.890 INFO [main] org.apache.catalina.startup.VersionLoggerListener.log Argument de la ligne de commande : -Dcatalina.base=C:\Users\bila_\Desktop\J2E\apache-tomcat-9.0.65
22-Jul-2022 16:58:26.890 INFO [main] org.apache.catalina.startup.VersionLoggerListener.log Argument de la ligne de commande : -Dcatalina.home=C:\Users\bila_\Desktop\J2E\apache-tomcat-9.0.65
22-Jul-2022 16:58:26.912 INFO [main] org.apache.catalina.startup.VersionLoggerListener.log Argument de la ligne de commande : -Djava.io.tmpdir=C:\Users\bila_\Desktop\J2E\apache-tomcat-9.0.65\temp
22-Jul-2022 16:58:26.921 INFO [main] org.apache.catalina.core.AprLifecycleListener.lifecycleEvent Chargement de la librairie Apache Tomcat Native [1.2.35] en utilisant APR version [1.7.0]
22-Jul-2022 16:58:26.921 INFO [main] org.apache.catalina.core.AprLifecycleListener.lifecycleEvent Fonctionnalités d'APR : IPv6 [true], sendfile [true], accept filters [false], random [true], UDS [true]
22-Jul-2022 16:58:26.921 INFO [main] org.apache.catalina.core.AprLifecycleListener.lifecycleEvent Configuration de APR/OpenSSL : useAprConnector [false], useOpenSSL [true]
22-Jul-2022 16:58:26.932 INFO [main] org.apache.catalina.core.AprLifecycleListener.initializeSSL OpenSSL a été initialisé avec succès [OpenSSL 1.1.1q  5 Jul 2022]
22-Jul-2022 16:58:27.488 INFO [main] org.apache.coyote.AbstractProtocol.init Initialisation du gestionnaire de protocole ["http-nio-8080"]
22-Jul-2022 16:58:27.537 INFO [main] org.apache.catalina.startup.Catalina.load L'initialisation du serveur a pris [1172] millisecondes
22-Jul-2022 16:58:27.633 INFO [main] org.apache.catalina.core.StandardService.startInternal Démarrage du service [Catalina]
22-Jul-2022 16:58:27.634 INFO [main] org.apache.catalina.core.StandardEngine.startInternal Démarrage du moteur de Servlets : [Apache Tomcat/9.0.65]
22-Jul-2022 16:58:27.651 INFO [main] org.apache.catalina.startup.HostConfig.deployDirectory Déploiement du répertoire d'application web [C:\Users\bila_\Desktop\J2E\apache-tomcat-9.0.65\webapps\docs]
22-Jul-2022 16:58:28.261 INFO [main] org.apache.catalina.startup.HostConfig.deployDirectory Le déploiement du répertoire [C:\Users\bila_\Desktop\J2E\apache-tomcat-9.0.65\webapps\docs] de l'application web s'est terminé en [605] ms
22-Jul-2022 16:58:28.261 INFO [main] org.apache.catalina.startup.HostConfig.deployDirectory Déploiement du répertoire d'application web [C:\Users\bila_\Desktop\J2E\apache-tomcat-9.0.65\webapps\examples]
22-Jul-2022 16:58:29.404 INFO [main] org.apache.catalina.startup.HostConfig.deployDirectory Le déploiement du répertoire [C:\Users\bila_\Desktop\J2E\apache-tomcat-9.0.65\webapps\examples] de l'application web s'est terminé en [1 142] ms
22-Jul-2022 16:58:29.405 INFO [main] org.apache.catalina.startup.HostConfig.deployDirectory Déploiement du répertoire d'application web [C:\Users\bila_\Desktop\J2E\apache-tomcat-9.0.65\webapps\host-manager]
22-Jul-2022 16:58:29.530 INFO [main] org.apache.catalina.startup.HostConfig.deployDirectory Le déploiement du répertoire [C:\Users\bila_\Desktop\J2E\apache-tomcat-9.0.65\webapps\host-manager] de l'application web s'est terminé en [125] ms
22-Jul-2022 16:58:29.531 INFO [main] org.apache.catalina.startup.HostConfig.deployDirectory Déploiement du répertoire d'application web [C:\Users\bila_\Desktop\J2E\apache-tomcat-9.0.65\webapps\manager]
22-Jul-2022 16:58:29.635 INFO [main] org.apache.catalina.startup.HostConfig.deployDirectory Le déploiement du répertoire [C:\Users\bila_\Desktop\J2E\apache-tomcat-9.0.65\webapps\manager] de l'application web s'est terminé en [104] ms
22-Jul-2022 16:58:29.637 INFO [main] org.apache.catalina.startup.HostConfig.deployDirectory Déploiement du répertoire d'application web [C:\Users\bila_\Desktop\J2E\apache-tomcat-9.0.65\webapps\ROOT]
22-Jul-2022 16:58:29.695 INFO [main] org.apache.catalina.startup.HostConfig.deployDirectory Le déploiement du répertoire [C:\Users\bila_\Desktop\J2E\apache-tomcat-9.0.65\webapps\ROOT] de l'application web s'est terminé en [59] ms
22-Jul-2022 16:58:29.701 INFO [main] org.apache.coyote.AbstractProtocol.start Démarrage du gestionnaire de protocole ["http-nio-8080"]
22-Jul-2022 16:58:29.796 INFO [main] org.apache.catalina.startup.Catalina.start Le démarrage du serveur a pris [2255] millisecondes
22-Jul-2022 18:47:27.552 INFO [main] org.apache.catalina.core.StandardServer.await Une commande d'arrêt valide a été reçue sur le port d'arrêt, arrêt de l'instance du serveur
22-Jul-2022 18:47:27.557 INFO [main] org.apache.coyote.AbstractProtocol.pause Le gestionnaire de protocole ["http-nio-8080"] est mis en pause
22-Jul-2022 18:47:27.594 INFO [main] org.apache.catalina.core.StandardService.stopInternal Arrêt du service [Catalina]
22-Jul-2022 18:47:27.676 INFO [main] org.apache.coyote.AbstractProtocol.stop Arrêt du gestionnaire de protocole ["http-nio-8080"]
22-Jul-2022 18:47:27.701 INFO [main] org.apache.coyote.AbstractProtocol.destroy Destruction du gestionnaire de protocole ["http-nio-8080"]
22-Jul-2022 21:13:02.805 INFO [main] org.apache.catalina.startup.VersionLoggerListener.log Nom version serveur :              Apache Tomcat/9.0.65
22-Jul-2022 21:13:02.812 INFO [main] org.apache.catalina.startup.VersionLoggerListener.log Serveur compilé :                  Jul 14 2022 12:28:53 UTC
22-Jul-2022 21:13:02.812 INFO [main] org.apache.catalina.startup.VersionLoggerListener.log Version du serveur :               9.0.65.0
22-Jul-2022 21:13:02.812 INFO [main] org.apache.catalina.startup.VersionLoggerListener.log Nom de l'OS :                      Windows 11
22-Jul-2022 21:13:02.812 INFO [main] org.apache.catalina.startup.VersionLoggerListener.log Version OS :                       10.0
22-Jul-2022 21:13:02.812 INFO [main] org.apache.catalina.startup.VersionLoggerListener.log Architecture :                     amd64
22-Jul-2022 21:13:02.812 INFO [main] org.apache.catalina.startup.VersionLoggerListener.log Java Home :                        C:\Program Files\Java\jdk-18.0.2
22-Jul-2022 21:13:02.812 INFO [main] org.apache.catalina.startup.VersionLoggerListener.log Version JVM :                      18.0.2+9-61
22-Jul-2022 21:13:02.812 INFO [main] org.apache.catalina.startup.VersionLoggerListener.log Fournisseur de la JVM :            Oracle Corporation
22-Jul-2022 21:13:02.812 INFO [main] org.apache.catalina.startup.VersionLoggerListener.log CATALINA_BASE :                    C:\Users\bila_\Desktop\J2E\apache-tomcat-9.0.65
22-Jul-2022 21:13:02.813 INFO [main] org.apache.catalina.startup.VersionLoggerListener.log CATALINA_HOME :                    C:\Users\bila_\Desktop\J2E\apache-tomcat-9.0.65
22-Jul-2022 21:13:02.832 INFO [main] org.apache.catalina.startup.VersionLoggerListener.log Argument de la ligne de commande : --add-opens=java.base/java.lang=ALL-UNNAMED
22-Jul-2022 21:13:02.832 INFO [main] org.apache.catalina.startup.VersionLoggerListener.log Argument de la ligne de commande : --add-opens=java.base/java.io=ALL-UNNAMED
22-Jul-2022 21:13:02.832 INFO [main] org.apache.catalina.startup.VersionLoggerListener.log Argument de la ligne de commande : --add-opens=java.base/java.util=ALL-UNNAMED
22-Jul-2022 21:13:02.832 INFO [main] org.apache.catalina.startup.VersionLoggerListener.log Argument de la ligne de commande : --add-opens=java.base/java.util.concurrent=ALL-UNNAMED
22-Jul-2022 21:13:02.832 INFO [main] org.apache.catalina.startup.VersionLoggerListener.log Argument de la ligne de commande : --add-opens=java.rmi/sun.rmi.transport=ALL-UNNAMED
22-Jul-2022 21:13:02.832 INFO [main] org.apache.catalina.startup.VersionLoggerListener.log Argument de la ligne de commande : -Djava.util.logging.config.file=C:\Users\bila_\Desktop\J2E\apache-tomcat-9.0.65\conf\logging.properties
22-Jul-2022 21:13:02.832 INFO [main] org.apache.catalina.startup.VersionLoggerListener.log Argument de la ligne de commande : -Djava.util.logging.manager=org.apache.juli.ClassLoaderLogManager
22-Jul-2022 21:13:02.832 INFO [main] org.apache.catalina.startup.VersionLoggerListener.log Argument de la ligne de commande : -Dhttp.nonProxyHosts=localhost|127.0.0.1|LAPTOP-UJ0N6OHD
22-Jul-2022 21:13:02.832 INFO [main] org.apache.catalina.startup.VersionLoggerListener.log Argument de la ligne de commande : -Djdk.tls.ephemeralDHKeySize=2048
22-Jul-2022 21:13:02.832 INFO [main] org.apache.catalina.startup.VersionLoggerListener.log Argument de la ligne de commande : -Djava.protocol.handler.pkgs=org.apache.catalina.webresources
22-Jul-2022 21:13:02.832 INFO [main] org.apache.catalina.startup.VersionLoggerListener.log Argument de la ligne de commande : -Dignore.endorsed.dirs=
22-Jul-2022 21:13:02.832 INFO [main] org.apache.catalina.startup.VersionLoggerListener.log Argument de la ligne de commande : -Dcatalina.base=C:\Users\bila_\Desktop\J2E\apache-tomcat-9.0.65
22-Jul-2022 21:13:02.832 INFO [main] org.apache.catalina.startup.VersionLoggerListener.log Argument de la ligne de commande : -Dcatalina.home=C:\Users\bila_\Desktop\J2E\apache-tomcat-9.0.65
22-Jul-2022 21:13:02.832 INFO [main] org.apache.catalina.startup.VersionLoggerListener.log Argument de la ligne de commande : -Djava.io.tmpdir=C:\Users\bila_\Desktop\J2E\apache-tomcat-9.0.65\temp
22-Jul-2022 21:13:02.916 INFO [main] org.apache.catalina.core.AprLifecycleListener.lifecycleEvent Chargement de la librairie Apache Tomcat Native [1.2.35] en utilisant APR version [1.7.0]
22-Jul-2022 21:13:02.917 INFO [main] org.apache.catalina.core.AprLifecycleListener.lifecycleEvent Fonctionnalités d'APR : IPv6 [true], sendfile [true], accept filters [false], random [true], UDS [true]
22-Jul-2022 21:13:02.917 INFO [main] org.apache.catalina.core.AprLifecycleListener.lifecycleEvent Configuration de APR/OpenSSL : useAprConnector [false], useOpenSSL [true]
22-Jul-2022 21:13:02.938 INFO [main] org.apache.catalina.core.AprLifecycleListener.initializeSSL OpenSSL a été initialisé avec succès [OpenSSL 1.1.1q  5 Jul 2022]
22-Jul-2022 21:13:03.236 INFO [main] org.apache.coyote.AbstractProtocol.init Initialisation du gestionnaire de protocole ["http-nio-8080"]
22-Jul-2022 21:13:03.266 INFO [main] org.apache.catalina.startup.Catalina.load L'initialisation du serveur a pris [761] millisecondes
22-Jul-2022 21:13:03.325 INFO [main] org.apache.catalina.core.StandardService.startInternal Démarrage du service [Catalina]
22-Jul-2022 21:13:03.326 INFO [main] org.apache.catalina.core.StandardEngine.startInternal Démarrage du moteur de Servlets : [Apache Tomcat/9.0.65]
22-Jul-2022 21:13:03.340 INFO [main] org.apache.catalina.startup.HostConfig.deployDirectory Déploiement du répertoire d'application web [C:\Users\bila_\Desktop\J2E\apache-tomcat-9.0.65\webapps\docs]
22-Jul-2022 21:13:03.743 INFO [main] org.apache.catalina.startup.HostConfig.deployDirectory Le déploiement du répertoire [C:\Users\bila_\Desktop\J2E\apache-tomcat-9.0.65\webapps\docs] de l'application web s'est terminé en [400] ms
22-Jul-2022 21:13:03.744 INFO [main] org.apache.catalina.startup.HostConfig.deployDirectory Déploiement du répertoire d'application web [C:\Users\bila_\Desktop\J2E\apache-tomcat-9.0.65\webapps\examples]
22-Jul-2022 21:13:04.362 INFO [main] org.apache.catalina.startup.HostConfig.deployDirectory Le déploiement du répertoire [C:\Users\bila_\Desktop\J2E\apache-tomcat-9.0.65\webapps\examples] de l'application web s'est terminé en [618] ms
22-Jul-2022 21:13:04.363 INFO [main] org.apache.catalina.startup.HostConfig.deployDirectory Déploiement du répertoire d'application web [C:\Users\bila_\Desktop\J2E\apache-tomcat-9.0.65\webapps\host-manager]
22-Jul-2022 21:13:04.419 INFO [main] org.apache.catalina.startup.HostConfig.deployDirectory Le déploiement du répertoire [C:\Users\bila_\Desktop\J2E\apache-tomcat-9.0.65\webapps\host-manager] de l'application web s'est terminé en [55] ms
22-Jul-2022 21:13:04.419 INFO [main] org.apache.catalina.startup.HostConfig.deployDirectory Déploiement du répertoire d'application web [C:\Users\bila_\Desktop\J2E\apache-tomcat-9.0.65\webapps\manager]
22-Jul-2022 21:13:04.476 INFO [main] org.apache.catalina.startup.HostConfig.deployDirectory Le déploiement du répertoire [C:\Users\bila_\Desktop\J2E\apache-tomcat-9.0.65\webapps\manager] de l'application web s'est terminé en [56] ms
22-Jul-2022 21:13:04.477 INFO [main] org.apache.catalina.startup.HostConfig.deployDirectory Déploiement du répertoire d'application web [C:\Users\bila_\Desktop\J2E\apache-tomcat-9.0.65\webapps\ROOT]
22-Jul-2022 21:13:04.507 INFO [main] org.apache.catalina.startup.HostConfig.deployDirectory Le déploiement du répertoire [C:\Users\bila_\Desktop\J2E\apache-tomcat-9.0.65\webapps\ROOT] de l'application web s'est terminé en [30] ms
22-Jul-2022 21:13:04.510 INFO [main] org.apache.coyote.AbstractProtocol.start Démarrage du gestionnaire de protocole ["http-nio-8080"]
22-Jul-2022 21:13:04.565 INFO [main] org.apache.catalina.startup.Catalina.start Le démarrage du serveur a pris [1297] millisecondes
22-Jul-2022 21:32:05.940 WARNING [http-nio-8080-exec-2] org.apache.catalina.realm.LockOutRealm.filterLockedAccounts Une tentative d'authentification a été effectuée pour l'utilisateur verrouillé ("locked user") [admin]
22-Jul-2022 21:32:07.074 WARNING [http-nio-8080-exec-1] org.apache.catalina.realm.LockOutRealm.filterLockedAccounts Une tentative d'authentification a été effectuée pour l'utilisateur verrouillé ("locked user") [admin]
22-Jul-2022 21:32:07.657 WARNING [http-nio-8080-exec-5] org.apache.catalina.realm.LockOutRealm.filterLockedAccounts Une tentative d'authentification a été effectuée pour l'utilisateur verrouillé ("locked user") [admin]
22-Jul-2022 21:32:07.873 WARNING [http-nio-8080-exec-6] org.apache.catalina.realm.LockOutRealm.filterLockedAccounts Une tentative d'authentification a été effectuée pour l'utilisateur verrouillé ("locked user") [admin]
22-Jul-2022 21:32:08.243 WARNING [http-nio-8080-exec-8] org.apache.catalina.realm.LockOutRealm.filterLockedAccounts Une tentative d'authentification a été effectuée pour l'utilisateur verrouillé ("locked user") [admin]
22-Jul-2022 21:32:10.611 WARNING [http-nio-8080-exec-5] org.apache.catalina.realm.LockOutRealm.filterLockedAccounts Une tentative d'authentification a été effectuée pour l'utilisateur verrouillé ("locked user") []
22-Jul-2022 21:32:10.614 WARNING [http-nio-8080-exec-10] org.apache.catalina.realm.LockOutRealm.filterLockedAccounts Une tentative d'authentification a été effectuée pour l'utilisateur verrouillé ("locked user") []
22-Jul-2022 21:32:47.937 WARNING [http-nio-8080-exec-8] org.apache.catalina.realm.LockOutRealm.filterLockedAccounts Une tentative d'authentification a été effectuée pour l'utilisateur verrouillé ("locked user") [admin]
22-Jul-2022 21:32:48.904 WARNING [http-nio-8080-exec-1] org.apache.catalina.realm.LockOutRealm.filterLockedAccounts Une tentative d'authentification a été effectuée pour l'utilisateur verrouillé ("locked user") [admin]
22-Jul-2022 21:32:55.069 WARNING [http-nio-8080-exec-9] org.apache.catalina.realm.LockOutRealm.filterLockedAccounts Une tentative d'authentification a été effectuée pour l'utilisateur verrouillé ("locked user") [admin]
22-Jul-2022 21:32:56.195 WARNING [http-nio-8080-exec-3] org.apache.catalina.realm.LockOutRealm.filterLockedAccounts Une tentative d'authentification a été effectuée pour l'utilisateur verrouillé ("locked user") [admin]
22-Jul-2022 21:33:24.289 WARNING [http-nio-8080-exec-8] org.apache.catalina.realm.LockOutRealm.filterLockedAccounts Une tentative d'authentification a été effectuée pour l'utilisateur verrouillé ("locked user") [admin]
22-Jul-2022 21:33:25.452 WARNING [http-nio-8080-exec-1] org.apache.catalina.realm.LockOutRealm.filterLockedAccounts Une tentative d'authentification a été effectuée pour l'utilisateur verrouillé ("locked user") [admin]
22-Jul-2022 21:33:27.100 WARNING [http-nio-8080-exec-2] org.apache.catalina.realm.LockOutRealm.filterLockedAccounts Une tentative d'authentification a été effectuée pour l'utilisateur verrouillé ("locked user") []
22-Jul-2022 21:33:27.103 WARNING [http-nio-8080-exec-5] org.apache.catalina.realm.LockOutRealm.filterLockedAccounts Une tentative d'authentification a été effectuée pour l'utilisateur verrouillé ("locked user") []
22-Jul-2022 21:34:52.735 WARNING [http-nio-8080-exec-9] org.apache.catalina.realm.LockOutRealm.filterLockedAccounts Une tentative d'authentification a été effectuée pour l'utilisateur verrouillé ("locked user") [admin]
22-Jul-2022 21:35:12.351 WARNING [http-nio-8080-exec-5] org.apache.catalina.realm.LockOutRealm.filterLockedAccounts Une tentative d'authentification a été effectuée pour l'utilisateur verrouillé ("locked user") [admin]
22-Jul-2022 21:37:49.081 WARNING [http-nio-8080-exec-5] org.apache.catalina.realm.LockOutRealm.filterLockedAccounts Une tentative d'authentification a été effectuée pour l'utilisateur verrouillé ("locked user") []
22-Jul-2022 21:40:29.743 WARNING [http-nio-8080-exec-8] org.apache.catalina.realm.LockOutRealm.filterLockedAccounts Une tentative d'authentification a été effectuée pour l'utilisateur verrouillé ("locked user") []
22-Jul-2022 21:40:31.556 WARNING [http-nio-8080-exec-10] org.apache.catalina.realm.LockOutRealm.filterLockedAccounts Une tentative d'authentification a été effectuée pour l'utilisateur verrouillé ("locked user") []
22-Jul-2022 21:40:40.925 WARNING [http-nio-8080-exec-4] org.apache.catalina.realm.LockOutRealm.filterLockedAccounts Une tentative d'authentification a été effectuée pour l'utilisateur verrouillé ("locked user") []
22-Jul-2022 21:40:41.581 WARNING [http-nio-8080-exec-3] org.apache.catalina.realm.LockOutRealm.filterLockedAccounts Une tentative d'authentification a été effectuée pour l'utilisateur verrouillé ("locked user") []
22-Jul-2022 21:40:42.884 WARNING [http-nio-8080-exec-9] org.apache.catalina.realm.LockOutRealm.filterLockedAccounts Une tentative d'authentification a été effectuée pour l'utilisateur verrouillé ("locked user") []
22-Jul-2022 21:40:42.887 WARNING [http-nio-8080-exec-1] org.apache.catalina.realm.LockOutRealm.filterLockedAccounts Une tentative d'authentification a été effectuée pour l'utilisateur verrouillé ("locked user") []
22-Jul-2022 21:40:54.381 WARNING [http-nio-8080-exec-4] org.apache.catalina.realm.LockOutRealm.filterLockedAccounts Une tentative d'authentification a été effectuée pour l'utilisateur verrouillé ("locked user") []
22-Jul-2022 21:40:54.949 WARNING [http-nio-8080-exec-3] org.apache.catalina.realm.LockOutRealm.filterLockedAccounts Une tentative d'authentification a été effectuée pour l'utilisateur verrouillé ("locked user") []
22-Jul-2022 21:40:55.767 WARNING [http-nio-8080-exec-5] org.apache.catalina.realm.LockOutRealm.filterLockedAccounts Une tentative d'authentification a été effectuée pour l'utilisateur verrouillé ("locked user") []
22-Jul-2022 21:40:55.772 WARNING [http-nio-8080-exec-8] org.apache.catalina.realm.LockOutRealm.filterLockedAccounts Une tentative d'authentification a été effectuée pour l'utilisateur verrouillé ("locked user") []
22-Jul-2022 21:41:07.048 WARNING [http-nio-8080-exec-5] org.apache.catalina.realm.LockOutRealm.filterLockedAccounts Une tentative d'authentification a été effectuée pour l'utilisateur verrouillé ("locked user") []
22-Jul-2022 21:41:09.321 WARNING [http-nio-8080-exec-8] org.apache.catalina.realm.LockOutRealm.filterLockedAccounts Une tentative d'authentification a été effectuée pour l'utilisateur verrouillé ("locked user") []
22-Jul-2022 21:41:09.323 WARNING [http-nio-8080-exec-10] org.apache.catalina.realm.LockOutRealm.filterLockedAccounts Une tentative d'authentification a été effectuée pour l'utilisateur verrouillé ("locked user") []
22-Jul-2022 21:41:15.787 WARNING [http-nio-8080-exec-4] org.apache.catalina.realm.LockOutRealm.filterLockedAccounts Une tentative d'authentification a été effectuée pour l'utilisateur verrouillé ("locked user") []
22-Jul-2022 21:41:15.790 WARNING [http-nio-8080-exec-8] org.apache.catalina.realm.LockOutRealm.filterLockedAccounts Une tentative d'authentification a été effectuée pour l'utilisateur verrouillé ("locked user") []
22-Jul-2022 21:41:18.261 WARNING [http-nio-8080-exec-2] org.apache.catalina.realm.LockOutRealm.filterLockedAccounts Une tentative d'authentification a été effectuée pour l'utilisateur verrouillé ("locked user") []
22-Jul-2022 21:41:18.266 WARNING [http-nio-8080-exec-5] org.apache.catalina.realm.LockOutRealm.filterLockedAccounts Une tentative d'authentification a été effectuée pour l'utilisateur verrouillé ("locked user") []
22-Jul-2022 21:42:05.016 WARNING [http-nio-8080-exec-2] org.apache.catalina.realm.LockOutRealm.filterLockedAccounts Une tentative d'authentification a été effectuée pour l'utilisateur verrouillé ("locked user") []
22-Jul-2022 21:42:05.018 WARNING [http-nio-8080-exec-6] org.apache.catalina.realm.LockOutRealm.filterLockedAccounts Une tentative d'authentification a été effectuée pour l'utilisateur verrouillé ("locked user") []
22-Jul-2022 21:43:29.442 WARNING [http-nio-8080-exec-6] org.apache.catalina.realm.LockOutRealm.filterLockedAccounts Une tentative d'authentification a été effectuée pour l'utilisateur verrouillé ("locked user") []
22-Jul-2022 21:44:06.808 WARNING [http-nio-8080-exec-5] org.apache.catalina.realm.LockOutRealm.filterLockedAccounts Une tentative d'authentification a été effectuée pour l'utilisateur verrouillé ("locked user") []
22-Jul-2022 21:44:08.240 WARNING [http-nio-8080-exec-1] org.apache.catalina.realm.LockOutRealm.filterLockedAccounts Une tentative d'authentification a été effectuée pour l'utilisateur verrouillé ("locked user") []
22-Jul-2022 21:44:09.471 INFO [main] org.apache.catalina.core.StandardServer.await Une commande d'arrêt valide a été reçue sur le port d'arrêt, arrêt de l'instance du serveur
22-Jul-2022 21:44:09.472 INFO [main] org.apache.coyote.AbstractProtocol.pause Le gestionnaire de protocole ["http-nio-8080"] est mis en pause
22-Jul-2022 21:44:09.486 INFO [main] org.apache.catalina.core.StandardService.stopInternal Arrêt du service [Catalina]
22-Jul-2022 21:44:09.548 INFO [main] org.apache.coyote.AbstractProtocol.stop Arrêt du gestionnaire de protocole ["http-nio-8080"]
22-Jul-2022 21:44:09.561 INFO [main] org.apache.coyote.AbstractProtocol.destroy Destruction du gestionnaire de protocole ["http-nio-8080"]
22-Jul-2022 21:44:12.591 INFO [main] org.apache.catalina.startup.VersionLoggerListener.log Nom version serveur :              Apache Tomcat/9.0.65
22-Jul-2022 21:44:12.595 INFO [main] org.apache.catalina.startup.VersionLoggerListener.log Serveur compilé :                  Jul 14 2022 12:28:53 UTC
22-Jul-2022 21:44:12.595 INFO [main] org.apache.catalina.startup.VersionLoggerListener.log Version du serveur :               9.0.65.0
22-Jul-2022 21:44:12.595 INFO [main] org.apache.catalina.startup.VersionLoggerListener.log Nom de l'OS :                      Windows 11
22-Jul-2022 21:44:12.595 INFO [main] org.apache.catalina.startup.VersionLoggerListener.log Version OS :                       10.0
22-Jul-2022 21:44:12.595 INFO [main] org.apache.catalina.startup.VersionLoggerListener.log Architecture :                     amd64
22-Jul-2022 21:44:12.595 INFO [main] org.apache.catalina.startup.VersionLoggerListener.log Java Home :                        C:\Program Files\Java\jdk-18.0.2
22-Jul-2022 21:44:12.595 INFO [main] org.apache.catalina.startup.VersionLoggerListener.log Version JVM :                      18.0.2+9-61
22-Jul-2022 21:44:12.595 INFO [main] org.apache.catalina.startup.VersionLoggerListener.log Fournisseur de la JVM :            Oracle Corporation
22-Jul-2022 21:44:12.595 INFO [main] org.apache.catalina.startup.VersionLoggerListener.log CATALINA_BASE :                    C:\Users\bila_\Desktop\J2E\apache-tomcat-9.0.65
22-Jul-2022 21:44:12.595 INFO [main] org.apache.catalina.startup.VersionLoggerListener.log CATALINA_HOME :                    C:\Users\bila_\Desktop\J2E\apache-tomcat-9.0.65
22-Jul-2022 21:44:12.616 INFO [main] org.apache.catalina.startup.VersionLoggerListener.log Argument de la ligne de commande : --add-opens=java.base/java.lang=ALL-UNNAMED
22-Jul-2022 21:44:12.616 INFO [main] org.apache.catalina.startup.VersionLoggerListener.log Argument de la ligne de commande : --add-opens=java.base/java.io=ALL-UNNAMED
22-Jul-2022 21:44:12.616 INFO [main] org.apache.catalina.startup.VersionLoggerListener.log Argument de la ligne de commande : --add-opens=java.base/java.util=ALL-UNNAMED
22-Jul-2022 21:44:12.616 INFO [main] org.apache.catalina.startup.VersionLoggerListener.log Argument de la ligne de commande : --add-opens=java.base/java.util.concurrent=ALL-UNNAMED
22-Jul-2022 21:44:12.616 INFO [main] org.apache.catalina.startup.VersionLoggerListener.log Argument de la ligne de commande : --add-opens=java.rmi/sun.rmi.transport=ALL-UNNAMED
22-Jul-2022 21:44:12.616 INFO [main] org.apache.catalina.startup.VersionLoggerListener.log Argument de la ligne de commande : -Djava.util.logging.config.file=C:\Users\bila_\Desktop\J2E\apache-tomcat-9.0.65\conf\logging.properties
22-Jul-2022 21:44:12.616 INFO [main] org.apache.catalina.startup.VersionLoggerListener.log Argument de la ligne de commande : -Djava.util.logging.manager=org.apache.juli.ClassLoaderLogManager
22-Jul-2022 21:44:12.616 INFO [main] org.apache.catalina.startup.VersionLoggerListener.log Argument de la ligne de commande : -Dhttp.nonProxyHosts=localhost|127.0.0.1|LAPTOP-UJ0N6OHD
22-Jul-2022 21:44:12.616 INFO [main] org.apache.catalina.startup.VersionLoggerListener.log Argument de la ligne de commande : -Djdk.tls.ephemeralDHKeySize=2048
22-Jul-2022 21:44:12.616 INFO [main] org.apache.catalina.startup.VersionLoggerListener.log Argument de la ligne de commande : -Djava.protocol.handler.pkgs=org.apache.catalina.webresources
22-Jul-2022 21:44:12.616 INFO [main] org.apache.catalina.startup.VersionLoggerListener.log Argument de la ligne de commande : -Dignore.endorsed.dirs=
22-Jul-2022 21:44:12.616 INFO [main] org.apache.catalina.startup.VersionLoggerListener.log Argument de la ligne de commande : -Dcatalina.base=C:\Users\bila_\Desktop\J2E\apache-tomcat-9.0.65
22-Jul-2022 21:44:12.616 INFO [main] org.apache.catalina.startup.VersionLoggerListener.log Argument de la ligne de commande : -Dcatalina.home=C:\Users\bila_\Desktop\J2E\apache-tomcat-9.0.65
22-Jul-2022 21:44:12.616 INFO [main] org.apache.catalina.startup.VersionLoggerListener.log Argument de la ligne de commande : -Djava.io.tmpdir=C:\Users\bila_\Desktop\J2E\apache-tomcat-9.0.65\temp
22-Jul-2022 21:44:12.632 INFO [main] org.apache.catalina.core.AprLifecycleListener.lifecycleEvent Chargement de la librairie Apache Tomcat Native [1.2.35] en utilisant APR version [1.7.0]
22-Jul-2022 21:44:12.632 INFO [main] org.apache.catalina.core.AprLifecycleListener.lifecycleEvent Fonctionnalités d'APR : IPv6 [true], sendfile [true], accept filters [false], random [true], UDS [true]
22-Jul-2022 21:44:12.632 INFO [main] org.apache.catalina.core.AprLifecycleListener.lifecycleEvent Configuration de APR/OpenSSL : useAprConnector [false], useOpenSSL [true]
22-Jul-2022 21:44:12.636 INFO [main] org.apache.catalina.core.AprLifecycleListener.initializeSSL OpenSSL a été initialisé avec succès [OpenSSL 1.1.1q  5 Jul 2022]
22-Jul-2022 21:44:12.887 INFO [main] org.apache.coyote.AbstractProtocol.init Initialisation du gestionnaire de protocole ["http-nio-8080"]
22-Jul-2022 21:44:12.910 INFO [main] org.apache.catalina.startup.Catalina.load L'initialisation du serveur a pris [533] millisecondes
22-Jul-2022 21:44:12.951 INFO [main] org.apache.catalina.core.StandardService.startInternal Démarrage du service [Catalina]
22-Jul-2022 21:44:12.951 INFO [main] org.apache.catalina.core.StandardEngine.startInternal Démarrage du moteur de Servlets : [Apache Tomcat/9.0.65]
22-Jul-2022 21:44:12.960 INFO [main] org.apache.catalina.startup.HostConfig.deployDirectory Déploiement du répertoire d'application web [C:\Users\bila_\Desktop\J2E\apache-tomcat-9.0.65\webapps\docs]
22-Jul-2022 21:44:13.250 INFO [main] org.apache.catalina.startup.HostConfig.deployDirectory Le déploiement du répertoire [C:\Users\bila_\Desktop\J2E\apache-tomcat-9.0.65\webapps\docs] de l'application web s'est terminé en [288] ms
22-Jul-2022 21:44:13.251 INFO [main] org.apache.catalina.startup.HostConfig.deployDirectory Déploiement du répertoire d'application web [C:\Users\bila_\Desktop\J2E\apache-tomcat-9.0.65\webapps\examples]
22-Jul-2022 21:44:13.811 INFO [main] org.apache.catalina.startup.HostConfig.deployDirectory Le déploiement du répertoire [C:\Users\bila_\Desktop\J2E\apache-tomcat-9.0.65\webapps\examples] de l'application web s'est terminé en [560] ms
22-Jul-2022 21:44:13.811 INFO [main] org.apache.catalina.startup.HostConfig.deployDirectory Déploiement du répertoire d'application web [C:\Users\bila_\Desktop\J2E\apache-tomcat-9.0.65\webapps\host-manager]
22-Jul-2022 21:44:13.864 INFO [main] org.apache.catalina.startup.HostConfig.deployDirectory Le déploiement du répertoire [C:\Users\bila_\Desktop\J2E\apache-tomcat-9.0.65\webapps\host-manager] de l'application web s'est terminé en [53] ms
22-Jul-2022 21:44:13.864 INFO [main] org.apache.catalina.startup.HostConfig.deployDirectory Déploiement du répertoire d'application web [C:\Users\bila_\Desktop\J2E\apache-tomcat-9.0.65\webapps\manager]
22-Jul-2022 21:44:13.909 INFO [main] org.apache.catalina.startup.HostConfig.deployDirectory Le déploiement du répertoire [C:\Users\bila_\Desktop\J2E\apache-tomcat-9.0.65\webapps\manager] de l'application web s'est terminé en [44] ms
22-Jul-2022 21:44:13.909 INFO [main] org.apache.catalina.startup.HostConfig.deployDirectory Déploiement du répertoire d'application web [C:\Users\bila_\Desktop\J2E\apache-tomcat-9.0.65\webapps\ROOT]
22-Jul-2022 21:44:13.938 INFO [main] org.apache.catalina.startup.HostConfig.deployDirectory Le déploiement du répertoire [C:\Users\bila_\Desktop\J2E\apache-tomcat-9.0.65\webapps\ROOT] de l'application web s'est terminé en [28] ms
22-Jul-2022 21:44:13.942 INFO [main] org.apache.coyote.AbstractProtocol.start Démarrage du gestionnaire de protocole ["http-nio-8080"]
22-Jul-2022 21:44:13.991 INFO [main] org.apache.catalina.startup.Catalina.start Le démarrage du serveur a pris [1080] millisecondes
