24-Jul-2022 00:03:55.182 WARNING [http-nio-8080-exec-10] org.apache.catalina.realm.LockOutRealm.filterLockedAccounts Une tentative d'authentification a été effectuée pour l'utilisateur verrouillé ("locked user") [user]
24-Jul-2022 00:03:55.189 WARNING [http-nio-8080-exec-8] org.apache.catalina.realm.LockOutRealm.filterLockedAccounts Une tentative d'authentification a été effectuée pour l'utilisateur verrouillé ("locked user") [user]
24-Jul-2022 00:04:03.452 WARNING [http-nio-8080-exec-10] org.apache.catalina.realm.LockOutRealm.filterLockedAccounts Une tentative d'authentification a été effectuée pour l'utilisateur verrouillé ("locked user") [user]
24-Jul-2022 00:04:03.459 WARNING [http-nio-8080-exec-8] org.apache.catalina.realm.LockOutRealm.filterLockedAccounts Une tentative d'authentification a été effectuée pour l'utilisateur verrouillé ("locked user") [user]
24-Jul-2022 19:13:20.922 WARNING [http-nio-8080-exec-4] org.apache.catalina.realm.LockOutRealm.filterLockedAccounts Une tentative d'authentification a été effectuée pour l'utilisateur verrouillé ("locked user") [user]
24-Jul-2022 19:14:03.380 WARNING [http-nio-8080-exec-2] org.apache.catalina.realm.LockOutRealm.filterLockedAccounts Une tentative d'authentification a été effectuée pour l'utilisateur verrouillé ("locked user") []
24-Jul-2022 19:14:06.129 INFO [main] org.apache.catalina.core.StandardServer.await Une commande d'arrêt valide a été reçue sur le port d'arrêt, arrêt de l'instance du serveur
24-Jul-2022 19:14:06.134 INFO [main] org.apache.coyote.AbstractProtocol.pause Le gestionnaire de protocole ["http-nio-8080"] est mis en pause
24-Jul-2022 19:14:06.172 INFO [main] org.apache.catalina.core.StandardService.stopInternal Arrêt du service [Catalina]
24-Jul-2022 19:14:06.261 INFO [main] org.apache.coyote.AbstractProtocol.stop Arrêt du gestionnaire de protocole ["http-nio-8080"]
24-Jul-2022 19:14:06.275 INFO [main] org.apache.coyote.AbstractProtocol.destroy Destruction du gestionnaire de protocole ["http-nio-8080"]
24-Jul-2022 19:47:48.648 INFO [main] org.apache.catalina.startup.VersionLoggerListener.log Nom version serveur :              Apache Tomcat/9.0.65
24-Jul-2022 19:47:48.656 INFO [main] org.apache.catalina.startup.VersionLoggerListener.log Serveur compilé :                  Jul 14 2022 12:28:53 UTC
24-Jul-2022 19:47:48.656 INFO [main] org.apache.catalina.startup.VersionLoggerListener.log Version du serveur :               9.0.65.0
24-Jul-2022 19:47:48.656 INFO [main] org.apache.catalina.startup.VersionLoggerListener.log Nom de l'OS :                      Windows 11
24-Jul-2022 19:47:48.656 INFO [main] org.apache.catalina.startup.VersionLoggerListener.log Version OS :                       10.0
24-Jul-2022 19:47:48.657 INFO [main] org.apache.catalina.startup.VersionLoggerListener.log Architecture :                     amd64
24-Jul-2022 19:47:48.657 INFO [main] org.apache.catalina.startup.VersionLoggerListener.log Java Home :                        C:\Program Files\Java\jdk-18.0.2
24-Jul-2022 19:47:48.657 INFO [main] org.apache.catalina.startup.VersionLoggerListener.log Version JVM :                      18.0.2+9-61
24-Jul-2022 19:47:48.657 INFO [main] org.apache.catalina.startup.VersionLoggerListener.log Fournisseur de la JVM :            Oracle Corporation
24-Jul-2022 19:47:48.657 INFO [main] org.apache.catalina.startup.VersionLoggerListener.log CATALINA_BASE :                    C:\Users\bila_\Desktop\J2E\apache-tomcat-9.0.65
24-Jul-2022 19:47:48.658 INFO [main] org.apache.catalina.startup.VersionLoggerListener.log CATALINA_HOME :                    C:\Users\bila_\Desktop\J2E\apache-tomcat-9.0.65
24-Jul-2022 19:47:48.691 INFO [main] org.apache.catalina.startup.VersionLoggerListener.log Argument de la ligne de commande : --add-opens=java.base/java.lang=ALL-UNNAMED
24-Jul-2022 19:47:48.692 INFO [main] org.apache.catalina.startup.VersionLoggerListener.log Argument de la ligne de commande : --add-opens=java.base/java.io=ALL-UNNAMED
24-Jul-2022 19:47:48.692 INFO [main] org.apache.catalina.startup.VersionLoggerListener.log Argument de la ligne de commande : --add-opens=java.base/java.util=ALL-UNNAMED
24-Jul-2022 19:47:48.692 INFO [main] org.apache.catalina.startup.VersionLoggerListener.log Argument de la ligne de commande : --add-opens=java.base/java.util.concurrent=ALL-UNNAMED
24-Jul-2022 19:47:48.692 INFO [main] org.apache.catalina.startup.VersionLoggerListener.log Argument de la ligne de commande : --add-opens=java.rmi/sun.rmi.transport=ALL-UNNAMED
24-Jul-2022 19:47:48.692 INFO [main] org.apache.catalina.startup.VersionLoggerListener.log Argument de la ligne de commande : -Djava.util.logging.config.file=C:\Users\bila_\Desktop\J2E\apache-tomcat-9.0.65\conf\logging.properties
24-Jul-2022 19:47:48.693 INFO [main] org.apache.catalina.startup.VersionLoggerListener.log Argument de la ligne de commande : -Djava.util.logging.manager=org.apache.juli.ClassLoaderLogManager
24-Jul-2022 19:47:48.693 INFO [main] org.apache.catalina.startup.VersionLoggerListener.log Argument de la ligne de commande : -Dhttp.nonProxyHosts=localhost|127.0.0.1|LAPTOP-UJ0N6OHD
24-Jul-2022 19:47:48.693 INFO [main] org.apache.catalina.startup.VersionLoggerListener.log Argument de la ligne de commande : -Djdk.tls.ephemeralDHKeySize=2048
24-Jul-2022 19:47:48.694 INFO [main] org.apache.catalina.startup.VersionLoggerListener.log Argument de la ligne de commande : -Djava.protocol.handler.pkgs=org.apache.catalina.webresources
24-Jul-2022 19:47:48.694 INFO [main] org.apache.catalina.startup.VersionLoggerListener.log Argument de la ligne de commande : -Dignore.endorsed.dirs=
24-Jul-2022 19:47:48.694 INFO [main] org.apache.catalina.startup.VersionLoggerListener.log Argument de la ligne de commande : -Dcatalina.base=C:\Users\bila_\Desktop\J2E\apache-tomcat-9.0.65
24-Jul-2022 19:47:48.695 INFO [main] org.apache.catalina.startup.VersionLoggerListener.log Argument de la ligne de commande : -Dcatalina.home=C:\Users\bila_\Desktop\J2E\apache-tomcat-9.0.65
24-Jul-2022 19:47:48.695 INFO [main] org.apache.catalina.startup.VersionLoggerListener.log Argument de la ligne de commande : -Djava.io.tmpdir=C:\Users\bila_\Desktop\J2E\apache-tomcat-9.0.65\temp
24-Jul-2022 19:47:48.739 INFO [main] org.apache.catalina.core.AprLifecycleListener.lifecycleEvent Chargement de la librairie Apache Tomcat Native [1.2.35] en utilisant APR version [1.7.0]
24-Jul-2022 19:47:48.739 INFO [main] org.apache.catalina.core.AprLifecycleListener.lifecycleEvent Fonctionnalités d'APR : IPv6 [true], sendfile [true], accept filters [false], random [true], UDS [true]
24-Jul-2022 19:47:48.739 INFO [main] org.apache.catalina.core.AprLifecycleListener.lifecycleEvent Configuration de APR/OpenSSL : useAprConnector [false], useOpenSSL [true]
24-Jul-2022 19:47:48.765 INFO [main] org.apache.catalina.core.AprLifecycleListener.initializeSSL OpenSSL a été initialisé avec succès [OpenSSL 1.1.1q  5 Jul 2022]
24-Jul-2022 19:47:49.362 INFO [main] org.apache.coyote.AbstractProtocol.init Initialisation du gestionnaire de protocole ["http-nio-8080"]
24-Jul-2022 19:47:49.404 INFO [main] org.apache.catalina.startup.Catalina.load L'initialisation du serveur a pris [1288] millisecondes
24-Jul-2022 19:47:49.489 INFO [main] org.apache.catalina.core.StandardService.startInternal Démarrage du service [Catalina]
24-Jul-2022 19:47:49.490 INFO [main] org.apache.catalina.core.StandardEngine.startInternal Démarrage du moteur de Servlets : [Apache Tomcat/9.0.65]
24-Jul-2022 19:47:49.507 INFO [main] org.apache.catalina.startup.HostConfig.deployDirectory Déploiement du répertoire d'application web [C:\Users\bila_\Desktop\J2E\apache-tomcat-9.0.65\webapps\docs]
24-Jul-2022 19:47:50.092 INFO [main] org.apache.catalina.startup.HostConfig.deployDirectory Le déploiement du répertoire [C:\Users\bila_\Desktop\J2E\apache-tomcat-9.0.65\webapps\docs] de l'application web s'est terminé en [582] ms
24-Jul-2022 19:47:50.093 INFO [main] org.apache.catalina.startup.HostConfig.deployDirectory Déploiement du répertoire d'application web [C:\Users\bila_\Desktop\J2E\apache-tomcat-9.0.65\webapps\examples]
24-Jul-2022 19:47:51.217 INFO [main] org.apache.catalina.startup.HostConfig.deployDirectory Le déploiement du répertoire [C:\Users\bila_\Desktop\J2E\apache-tomcat-9.0.65\webapps\examples] de l'application web s'est terminé en [1 123] ms
24-Jul-2022 19:47:51.218 INFO [main] org.apache.catalina.startup.HostConfig.deployDirectory Déploiement du répertoire d'application web [C:\Users\bila_\Desktop\J2E\apache-tomcat-9.0.65\webapps\host-manager]
24-Jul-2022 19:47:51.328 INFO [main] org.apache.catalina.startup.HostConfig.deployDirectory Le déploiement du répertoire [C:\Users\bila_\Desktop\J2E\apache-tomcat-9.0.65\webapps\host-manager] de l'application web s'est terminé en [109] ms
24-Jul-2022 19:47:51.328 INFO [main] org.apache.catalina.startup.HostConfig.deployDirectory Déploiement du répertoire d'application web [C:\Users\bila_\Desktop\J2E\apache-tomcat-9.0.65\webapps\manager]
24-Jul-2022 19:47:51.433 INFO [main] org.apache.catalina.startup.HostConfig.deployDirectory Le déploiement du répertoire [C:\Users\bila_\Desktop\J2E\apache-tomcat-9.0.65\webapps\manager] de l'application web s'est terminé en [104] ms
24-Jul-2022 19:47:51.433 INFO [main] org.apache.catalina.startup.HostConfig.deployDirectory Déploiement du répertoire d'application web [C:\Users\bila_\Desktop\J2E\apache-tomcat-9.0.65\webapps\ROOT]
24-Jul-2022 19:47:51.489 INFO [main] org.apache.catalina.startup.HostConfig.deployDirectory Le déploiement du répertoire [C:\Users\bila_\Desktop\J2E\apache-tomcat-9.0.65\webapps\ROOT] de l'application web s'est terminé en [55] ms
24-Jul-2022 19:47:51.494 INFO [main] org.apache.coyote.AbstractProtocol.start Démarrage du gestionnaire de protocole ["http-nio-8080"]
24-Jul-2022 19:47:51.584 INFO [main] org.apache.catalina.startup.Catalina.start Le démarrage du serveur a pris [2176] millisecondes
24-Jul-2022 19:48:02.958 WARNING [http-nio-8080-exec-7] org.apache.catalina.realm.LockOutRealm.filterLockedAccounts Une tentative d'authentification a été effectuée pour l'utilisateur verrouillé ("locked user") [tomcat]
24-Jul-2022 19:48:03.141 WARNING [http-nio-8080-exec-10] org.apache.catalina.realm.LockOutRealm.filterLockedAccounts Une tentative d'authentification a été effectuée pour l'utilisateur verrouillé ("locked user") [tomcat]
24-Jul-2022 19:48:05.262 INFO [main] org.apache.catalina.core.StandardServer.await Une commande d'arrêt valide a été reçue sur le port d'arrêt, arrêt de l'instance du serveur
24-Jul-2022 19:48:05.264 INFO [main] org.apache.coyote.AbstractProtocol.pause Le gestionnaire de protocole ["http-nio-8080"] est mis en pause
24-Jul-2022 19:48:05.283 INFO [main] org.apache.catalina.core.StandardService.stopInternal Arrêt du service [Catalina]
24-Jul-2022 19:48:05.332 INFO [main] org.apache.coyote.AbstractProtocol.stop Arrêt du gestionnaire de protocole ["http-nio-8080"]
24-Jul-2022 19:48:05.339 INFO [main] org.apache.coyote.AbstractProtocol.destroy Destruction du gestionnaire de protocole ["http-nio-8080"]
24-Jul-2022 19:48:09.678 INFO [main] org.apache.catalina.startup.VersionLoggerListener.log Nom version serveur :              Apache Tomcat/9.0.65
24-Jul-2022 19:48:09.684 INFO [main] org.apache.catalina.startup.VersionLoggerListener.log Serveur compilé :                  Jul 14 2022 12:28:53 UTC
24-Jul-2022 19:48:09.685 INFO [main] org.apache.catalina.startup.VersionLoggerListener.log Version du serveur :               9.0.65.0
24-Jul-2022 19:48:09.686 INFO [main] org.apache.catalina.startup.VersionLoggerListener.log Nom de l'OS :                      Windows 11
24-Jul-2022 19:48:09.686 INFO [main] org.apache.catalina.startup.VersionLoggerListener.log Version OS :                       10.0
24-Jul-2022 19:48:09.686 INFO [main] org.apache.catalina.startup.VersionLoggerListener.log Architecture :                     amd64
24-Jul-2022 19:48:09.686 INFO [main] org.apache.catalina.startup.VersionLoggerListener.log Java Home :                        C:\Program Files\Java\jdk-18.0.2
24-Jul-2022 19:48:09.686 INFO [main] org.apache.catalina.startup.VersionLoggerListener.log Version JVM :                      18.0.2+9-61
24-Jul-2022 19:48:09.686 INFO [main] org.apache.catalina.startup.VersionLoggerListener.log Fournisseur de la JVM :            Oracle Corporation
24-Jul-2022 19:48:09.687 INFO [main] org.apache.catalina.startup.VersionLoggerListener.log CATALINA_BASE :                    C:\Users\bila_\Desktop\J2E\apache-tomcat-9.0.65
24-Jul-2022 19:48:09.687 INFO [main] org.apache.catalina.startup.VersionLoggerListener.log CATALINA_HOME :                    C:\Users\bila_\Desktop\J2E\apache-tomcat-9.0.65
24-Jul-2022 19:48:09.707 INFO [main] org.apache.catalina.startup.VersionLoggerListener.log Argument de la ligne de commande : --add-opens=java.base/java.lang=ALL-UNNAMED
24-Jul-2022 19:48:09.707 INFO [main] org.apache.catalina.startup.VersionLoggerListener.log Argument de la ligne de commande : --add-opens=java.base/java.io=ALL-UNNAMED
24-Jul-2022 19:48:09.707 INFO [main] org.apache.catalina.startup.VersionLoggerListener.log Argument de la ligne de commande : --add-opens=java.base/java.util=ALL-UNNAMED
24-Jul-2022 19:48:09.707 INFO [main] org.apache.catalina.startup.VersionLoggerListener.log Argument de la ligne de commande : --add-opens=java.base/java.util.concurrent=ALL-UNNAMED
24-Jul-2022 19:48:09.707 INFO [main] org.apache.catalina.startup.VersionLoggerListener.log Argument de la ligne de commande : --add-opens=java.rmi/sun.rmi.transport=ALL-UNNAMED
24-Jul-2022 19:48:09.707 INFO [main] org.apache.catalina.startup.VersionLoggerListener.log Argument de la ligne de commande : -Djava.util.logging.config.file=C:\Users\bila_\Desktop\J2E\apache-tomcat-9.0.65\conf\logging.properties
24-Jul-2022 19:48:09.708 INFO [main] org.apache.catalina.startup.VersionLoggerListener.log Argument de la ligne de commande : -Djava.util.logging.manager=org.apache.juli.ClassLoaderLogManager
24-Jul-2022 19:48:09.708 INFO [main] org.apache.catalina.startup.VersionLoggerListener.log Argument de la ligne de commande : -Dhttp.nonProxyHosts=localhost|127.0.0.1|LAPTOP-UJ0N6OHD
24-Jul-2022 19:48:09.708 INFO [main] org.apache.catalina.startup.VersionLoggerListener.log Argument de la ligne de commande : -Djdk.tls.ephemeralDHKeySize=2048
24-Jul-2022 19:48:09.708 INFO [main] org.apache.catalina.startup.VersionLoggerListener.log Argument de la ligne de commande : -Djava.protocol.handler.pkgs=org.apache.catalina.webresources
24-Jul-2022 19:48:09.708 INFO [main] org.apache.catalina.startup.VersionLoggerListener.log Argument de la ligne de commande : -Dignore.endorsed.dirs=
24-Jul-2022 19:48:09.708 INFO [main] org.apache.catalina.startup.VersionLoggerListener.log Argument de la ligne de commande : -Dcatalina.base=C:\Users\bila_\Desktop\J2E\apache-tomcat-9.0.65
24-Jul-2022 19:48:09.709 INFO [main] org.apache.catalina.startup.VersionLoggerListener.log Argument de la ligne de commande : -Dcatalina.home=C:\Users\bila_\Desktop\J2E\apache-tomcat-9.0.65
24-Jul-2022 19:48:09.709 INFO [main] org.apache.catalina.startup.VersionLoggerListener.log Argument de la ligne de commande : -Djava.io.tmpdir=C:\Users\bila_\Desktop\J2E\apache-tomcat-9.0.65\temp
24-Jul-2022 19:48:09.714 INFO [main] org.apache.catalina.core.AprLifecycleListener.lifecycleEvent Chargement de la librairie Apache Tomcat Native [1.2.35] en utilisant APR version [1.7.0]
24-Jul-2022 19:48:09.715 INFO [main] org.apache.catalina.core.AprLifecycleListener.lifecycleEvent Fonctionnalités d'APR : IPv6 [true], sendfile [true], accept filters [false], random [true], UDS [true]
24-Jul-2022 19:48:09.715 INFO [main] org.apache.catalina.core.AprLifecycleListener.lifecycleEvent Configuration de APR/OpenSSL : useAprConnector [false], useOpenSSL [true]
24-Jul-2022 19:48:09.723 INFO [main] org.apache.catalina.core.AprLifecycleListener.initializeSSL OpenSSL a été initialisé avec succès [OpenSSL 1.1.1q  5 Jul 2022]
24-Jul-2022 19:48:10.232 INFO [main] org.apache.coyote.AbstractProtocol.init Initialisation du gestionnaire de protocole ["http-nio-8080"]
24-Jul-2022 19:48:10.277 INFO [main] org.apache.catalina.startup.Catalina.load L'initialisation du serveur a pris [1073] millisecondes
24-Jul-2022 19:48:10.359 INFO [main] org.apache.catalina.core.StandardService.startInternal Démarrage du service [Catalina]
24-Jul-2022 19:48:10.359 INFO [main] org.apache.catalina.core.StandardEngine.startInternal Démarrage du moteur de Servlets : [Apache Tomcat/9.0.65]
24-Jul-2022 19:48:10.377 INFO [main] org.apache.catalina.startup.HostConfig.deployDirectory Déploiement du répertoire d'application web [C:\Users\bila_\Desktop\J2E\apache-tomcat-9.0.65\webapps\docs]
24-Jul-2022 19:48:10.916 INFO [main] org.apache.catalina.startup.HostConfig.deployDirectory Le déploiement du répertoire [C:\Users\bila_\Desktop\J2E\apache-tomcat-9.0.65\webapps\docs] de l'application web s'est terminé en [535] ms
24-Jul-2022 19:48:10.917 INFO [main] org.apache.catalina.startup.HostConfig.deployDirectory Déploiement du répertoire d'application web [C:\Users\bila_\Desktop\J2E\apache-tomcat-9.0.65\webapps\examples]
24-Jul-2022 19:48:11.886 INFO [main] org.apache.catalina.startup.HostConfig.deployDirectory Le déploiement du répertoire [C:\Users\bila_\Desktop\J2E\apache-tomcat-9.0.65\webapps\examples] de l'application web s'est terminé en [969] ms
24-Jul-2022 19:48:11.887 INFO [main] org.apache.catalina.startup.HostConfig.deployDirectory Déploiement du répertoire d'application web [C:\Users\bila_\Desktop\J2E\apache-tomcat-9.0.65\webapps\host-manager]
24-Jul-2022 19:48:11.983 INFO [main] org.apache.catalina.startup.HostConfig.deployDirectory Le déploiement du répertoire [C:\Users\bila_\Desktop\J2E\apache-tomcat-9.0.65\webapps\host-manager] de l'application web s'est terminé en [96] ms
24-Jul-2022 19:48:11.984 INFO [main] org.apache.catalina.startup.HostConfig.deployDirectory Déploiement du répertoire d'application web [C:\Users\bila_\Desktop\J2E\apache-tomcat-9.0.65\webapps\manager]
24-Jul-2022 19:48:12.089 INFO [main] org.apache.catalina.startup.HostConfig.deployDirectory Le déploiement du répertoire [C:\Users\bila_\Desktop\J2E\apache-tomcat-9.0.65\webapps\manager] de l'application web s'est terminé en [105] ms
24-Jul-2022 19:48:12.090 INFO [main] org.apache.catalina.startup.HostConfig.deployDirectory Déploiement du répertoire d'application web [C:\Users\bila_\Desktop\J2E\apache-tomcat-9.0.65\webapps\ROOT]
24-Jul-2022 19:48:12.141 INFO [main] org.apache.catalina.startup.HostConfig.deployDirectory Le déploiement du répertoire [C:\Users\bila_\Desktop\J2E\apache-tomcat-9.0.65\webapps\ROOT] de l'application web s'est terminé en [51] ms
24-Jul-2022 19:48:12.146 INFO [main] org.apache.coyote.AbstractProtocol.start Démarrage du gestionnaire de protocole ["http-nio-8080"]
24-Jul-2022 19:48:12.227 INFO [main] org.apache.catalina.startup.Catalina.start Le démarrage du serveur a pris [1947] millisecondes
24-Jul-2022 19:56:37.225 WARNING [http-nio-8080-exec-7] org.apache.catalina.realm.LockOutRealm.filterLockedAccounts Une tentative d'authentification a été effectuée pour l'utilisateur verrouillé ("locked user") [admin]
24-Jul-2022 19:56:38.208 WARNING [http-nio-8080-exec-10] org.apache.catalina.realm.LockOutRealm.filterLockedAccounts Une tentative d'authentification a été effectuée pour l'utilisateur verrouillé ("locked user") [admin]
24-Jul-2022 19:56:38.941 WARNING [http-nio-8080-exec-1] org.apache.catalina.realm.LockOutRealm.filterLockedAccounts Une tentative d'authentification a été effectuée pour l'utilisateur verrouillé ("locked user") [admin]
24-Jul-2022 19:56:52.063 WARNING [http-nio-8080-exec-6] org.apache.catalina.realm.LockOutRealm.filterLockedAccounts Une tentative d'authentification a été effectuée pour l'utilisateur verrouillé ("locked user") [tomcat]
24-Jul-2022 20:11:11.320 INFO [main] org.apache.catalina.core.StandardServer.await Une commande d'arrêt valide a été reçue sur le port d'arrêt, arrêt de l'instance du serveur
24-Jul-2022 20:11:11.322 INFO [main] org.apache.coyote.AbstractProtocol.pause Le gestionnaire de protocole ["http-nio-8080"] est mis en pause
24-Jul-2022 20:11:11.344 INFO [main] org.apache.catalina.core.StandardService.stopInternal Arrêt du service [Catalina]
24-Jul-2022 20:11:11.398 INFO [main] org.apache.coyote.AbstractProtocol.stop Arrêt du gestionnaire de protocole ["http-nio-8080"]
24-Jul-2022 20:11:11.411 INFO [main] org.apache.coyote.AbstractProtocol.destroy Destruction du gestionnaire de protocole ["http-nio-8080"]
24-Jul-2022 20:11:15.609 INFO [main] org.apache.catalina.startup.VersionLoggerListener.log Nom version serveur :              Apache Tomcat/9.0.65
24-Jul-2022 20:11:15.616 INFO [main] org.apache.catalina.startup.VersionLoggerListener.log Serveur compilé :                  Jul 14 2022 12:28:53 UTC
24-Jul-2022 20:11:15.616 INFO [main] org.apache.catalina.startup.VersionLoggerListener.log Version du serveur :               9.0.65.0
24-Jul-2022 20:11:15.616 INFO [main] org.apache.catalina.startup.VersionLoggerListener.log Nom de l'OS :                      Windows 11
24-Jul-2022 20:11:15.616 INFO [main] org.apache.catalina.startup.VersionLoggerListener.log Version OS :                       10.0
24-Jul-2022 20:11:15.616 INFO [main] org.apache.catalina.startup.VersionLoggerListener.log Architecture :                     amd64
24-Jul-2022 20:11:15.617 INFO [main] org.apache.catalina.startup.VersionLoggerListener.log Java Home :                        C:\Program Files\Java\jdk-18.0.2
24-Jul-2022 20:11:15.617 INFO [main] org.apache.catalina.startup.VersionLoggerListener.log Version JVM :                      18.0.2+9-61
24-Jul-2022 20:11:15.617 INFO [main] org.apache.catalina.startup.VersionLoggerListener.log Fournisseur de la JVM :            Oracle Corporation
24-Jul-2022 20:11:15.617 INFO [main] org.apache.catalina.startup.VersionLoggerListener.log CATALINA_BASE :                    C:\Users\bila_\Desktop\J2E\apache-tomcat-9.0.65
24-Jul-2022 20:11:15.617 INFO [main] org.apache.catalina.startup.VersionLoggerListener.log CATALINA_HOME :                    C:\Users\bila_\Desktop\J2E\apache-tomcat-9.0.65
24-Jul-2022 20:11:15.648 INFO [main] org.apache.catalina.startup.VersionLoggerListener.log Argument de la ligne de commande : --add-opens=java.base/java.lang=ALL-UNNAMED
24-Jul-2022 20:11:15.648 INFO [main] org.apache.catalina.startup.VersionLoggerListener.log Argument de la ligne de commande : --add-opens=java.base/java.io=ALL-UNNAMED
24-Jul-2022 20:11:15.649 INFO [main] org.apache.catalina.startup.VersionLoggerListener.log Argument de la ligne de commande : --add-opens=java.base/java.util=ALL-UNNAMED
24-Jul-2022 20:11:15.649 INFO [main] org.apache.catalina.startup.VersionLoggerListener.log Argument de la ligne de commande : --add-opens=java.base/java.util.concurrent=ALL-UNNAMED
24-Jul-2022 20:11:15.649 INFO [main] org.apache.catalina.startup.VersionLoggerListener.log Argument de la ligne de commande : --add-opens=java.rmi/sun.rmi.transport=ALL-UNNAMED
24-Jul-2022 20:11:15.649 INFO [main] org.apache.catalina.startup.VersionLoggerListener.log Argument de la ligne de commande : -Djava.util.logging.config.file=C:\Users\bila_\Desktop\J2E\apache-tomcat-9.0.65\conf\logging.properties
24-Jul-2022 20:11:15.649 INFO [main] org.apache.catalina.startup.VersionLoggerListener.log Argument de la ligne de commande : -Djava.util.logging.manager=org.apache.juli.ClassLoaderLogManager
24-Jul-2022 20:11:15.650 INFO [main] org.apache.catalina.startup.VersionLoggerListener.log Argument de la ligne de commande : -Dhttp.nonProxyHosts=localhost|127.0.0.1|LAPTOP-UJ0N6OHD
24-Jul-2022 20:11:15.650 INFO [main] org.apache.catalina.startup.VersionLoggerListener.log Argument de la ligne de commande : -Djdk.tls.ephemeralDHKeySize=2048
24-Jul-2022 20:11:15.650 INFO [main] org.apache.catalina.startup.VersionLoggerListener.log Argument de la ligne de commande : -Djava.protocol.handler.pkgs=org.apache.catalina.webresources
24-Jul-2022 20:11:15.651 INFO [main] org.apache.catalina.startup.VersionLoggerListener.log Argument de la ligne de commande : -Dignore.endorsed.dirs=
24-Jul-2022 20:11:15.651 INFO [main] org.apache.catalina.startup.VersionLoggerListener.log Argument de la ligne de commande : -Dcatalina.base=C:\Users\bila_\Desktop\J2E\apache-tomcat-9.0.65
24-Jul-2022 20:11:15.651 INFO [main] org.apache.catalina.startup.VersionLoggerListener.log Argument de la ligne de commande : -Dcatalina.home=C:\Users\bila_\Desktop\J2E\apache-tomcat-9.0.65
24-Jul-2022 20:11:15.651 INFO [main] org.apache.catalina.startup.VersionLoggerListener.log Argument de la ligne de commande : -Djava.io.tmpdir=C:\Users\bila_\Desktop\J2E\apache-tomcat-9.0.65\temp
24-Jul-2022 20:11:15.685 INFO [main] org.apache.catalina.core.AprLifecycleListener.lifecycleEvent Chargement de la librairie Apache Tomcat Native [1.2.35] en utilisant APR version [1.7.0]
24-Jul-2022 20:11:15.685 INFO [main] org.apache.catalina.core.AprLifecycleListener.lifecycleEvent Fonctionnalités d'APR : IPv6 [true], sendfile [true], accept filters [false], random [true], UDS [true]
24-Jul-2022 20:11:15.685 INFO [main] org.apache.catalina.core.AprLifecycleListener.lifecycleEvent Configuration de APR/OpenSSL : useAprConnector [false], useOpenSSL [true]
24-Jul-2022 20:11:15.692 INFO [main] org.apache.catalina.core.AprLifecycleListener.initializeSSL OpenSSL a été initialisé avec succès [OpenSSL 1.1.1q  5 Jul 2022]
24-Jul-2022 20:11:16.199 INFO [main] org.apache.coyote.AbstractProtocol.init Initialisation du gestionnaire de protocole ["http-nio-8080"]
24-Jul-2022 20:11:16.249 INFO [main] org.apache.catalina.startup.Catalina.load L'initialisation du serveur a pris [1070] millisecondes
24-Jul-2022 20:11:16.330 INFO [main] org.apache.catalina.core.StandardService.startInternal Démarrage du service [Catalina]
24-Jul-2022 20:11:16.331 INFO [main] org.apache.catalina.core.StandardEngine.startInternal Démarrage du moteur de Servlets : [Apache Tomcat/9.0.65]
24-Jul-2022 20:11:16.345 INFO [main] org.apache.catalina.startup.HostConfig.deployDirectory Déploiement du répertoire d'application web [C:\Users\bila_\Desktop\J2E\apache-tomcat-9.0.65\webapps\docs]
24-Jul-2022 20:11:16.922 INFO [main] org.apache.catalina.startup.HostConfig.deployDirectory Le déploiement du répertoire [C:\Users\bila_\Desktop\J2E\apache-tomcat-9.0.65\webapps\docs] de l'application web s'est terminé en [570] ms
24-Jul-2022 20:11:16.923 INFO [main] org.apache.catalina.startup.HostConfig.deployDirectory Déploiement du répertoire d'application web [C:\Users\bila_\Desktop\J2E\apache-tomcat-9.0.65\webapps\examples]
24-Jul-2022 20:11:17.988 INFO [main] org.apache.catalina.startup.HostConfig.deployDirectory Le déploiement du répertoire [C:\Users\bila_\Desktop\J2E\apache-tomcat-9.0.65\webapps\examples] de l'application web s'est terminé en [1 064] ms
24-Jul-2022 20:11:17.989 INFO [main] org.apache.catalina.startup.HostConfig.deployDirectory Déploiement du répertoire d'application web [C:\Users\bila_\Desktop\J2E\apache-tomcat-9.0.65\webapps\host-manager]
24-Jul-2022 20:11:18.101 INFO [main] org.apache.catalina.startup.HostConfig.deployDirectory Le déploiement du répertoire [C:\Users\bila_\Desktop\J2E\apache-tomcat-9.0.65\webapps\host-manager] de l'application web s'est terminé en [112] ms
24-Jul-2022 20:11:18.102 INFO [main] org.apache.catalina.startup.HostConfig.deployDirectory Déploiement du répertoire d'application web [C:\Users\bila_\Desktop\J2E\apache-tomcat-9.0.65\webapps\manager]
24-Jul-2022 20:11:18.202 INFO [main] org.apache.catalina.startup.HostConfig.deployDirectory Le déploiement du répertoire [C:\Users\bila_\Desktop\J2E\apache-tomcat-9.0.65\webapps\manager] de l'application web s'est terminé en [100] ms
24-Jul-2022 20:11:18.203 INFO [main] org.apache.catalina.startup.HostConfig.deployDirectory Déploiement du répertoire d'application web [C:\Users\bila_\Desktop\J2E\apache-tomcat-9.0.65\webapps\ROOT]
24-Jul-2022 20:11:18.259 INFO [main] org.apache.catalina.startup.HostConfig.deployDirectory Le déploiement du répertoire [C:\Users\bila_\Desktop\J2E\apache-tomcat-9.0.65\webapps\ROOT] de l'application web s'est terminé en [56] ms
24-Jul-2022 20:11:18.265 INFO [main] org.apache.coyote.AbstractProtocol.start Démarrage du gestionnaire de protocole ["http-nio-8080"]
24-Jul-2022 20:11:18.354 INFO [main] org.apache.catalina.startup.Catalina.start Le démarrage du serveur a pris [2101] millisecondes
24-Jul-2022 20:16:22.490 WARNING [http-nio-8080-exec-7] org.apache.catalina.realm.LockOutRealm.filterLockedAccounts Une tentative d'authentification a été effectuée pour l'utilisateur verrouillé ("locked user") [tomcat]
24-Jul-2022 20:16:28.480 WARNING [http-nio-8080-exec-7] org.apache.catalina.realm.LockOutRealm.filterLockedAccounts Une tentative d'authentification a été effectuée pour l'utilisateur verrouillé ("locked user") [tomcat]
24-Jul-2022 20:16:38.196 WARNING [http-nio-8080-exec-8] org.apache.catalina.realm.LockOutRealm.filterLockedAccounts Une tentative d'authentification a été effectuée pour l'utilisateur verrouillé ("locked user") [tomcat]
24-Jul-2022 20:16:38.938 WARNING [http-nio-8080-exec-1] org.apache.catalina.realm.LockOutRealm.filterLockedAccounts Une tentative d'authentification a été effectuée pour l'utilisateur verrouillé ("locked user") [tomcat]
24-Jul-2022 20:40:19.065 WARNING [http-nio-8080-exec-8] org.apache.catalina.realm.LockOutRealm.filterLockedAccounts Une tentative d'authentification a été effectuée pour l'utilisateur verrouillé ("locked user") [tomcat]
24-Jul-2022 20:40:19.495 WARNING [http-nio-8080-exec-3] org.apache.catalina.realm.LockOutRealm.filterLockedAccounts Une tentative d'authentification a été effectuée pour l'utilisateur verrouillé ("locked user") [tomcat]
24-Jul-2022 20:40:21.025 INFO [main] org.apache.catalina.core.StandardServer.await Une commande d'arrêt valide a été reçue sur le port d'arrêt, arrêt de l'instance du serveur
24-Jul-2022 20:40:21.026 INFO [main] org.apache.coyote.AbstractProtocol.pause Le gestionnaire de protocole ["http-nio-8080"] est mis en pause
24-Jul-2022 20:40:21.044 INFO [main] org.apache.catalina.core.StandardService.stopInternal Arrêt du service [Catalina]
24-Jul-2022 20:40:21.098 INFO [main] org.apache.coyote.AbstractProtocol.stop Arrêt du gestionnaire de protocole ["http-nio-8080"]
24-Jul-2022 20:40:21.113 INFO [main] org.apache.coyote.AbstractProtocol.destroy Destruction du gestionnaire de protocole ["http-nio-8080"]
24-Jul-2022 20:45:02.812 INFO [main] org.apache.catalina.startup.VersionLoggerListener.log Nom version serveur :              Apache Tomcat/9.0.65
24-Jul-2022 20:45:02.819 INFO [main] org.apache.catalina.startup.VersionLoggerListener.log Serveur compilé :                  Jul 14 2022 12:28:53 UTC
24-Jul-2022 20:45:02.819 INFO [main] org.apache.catalina.startup.VersionLoggerListener.log Version du serveur :               9.0.65.0
24-Jul-2022 20:45:02.820 INFO [main] org.apache.catalina.startup.VersionLoggerListener.log Nom de l'OS :                      Windows 11
24-Jul-2022 20:45:02.820 INFO [main] org.apache.catalina.startup.VersionLoggerListener.log Version OS :                       10.0
24-Jul-2022 20:45:02.821 INFO [main] org.apache.catalina.startup.VersionLoggerListener.log Architecture :                     amd64
24-Jul-2022 20:45:02.821 INFO [main] org.apache.catalina.startup.VersionLoggerListener.log Java Home :                        C:\Program Files\Java\jdk-18.0.2
24-Jul-2022 20:45:02.821 INFO [main] org.apache.catalina.startup.VersionLoggerListener.log Version JVM :                      18.0.2+9-61
24-Jul-2022 20:45:02.821 INFO [main] org.apache.catalina.startup.VersionLoggerListener.log Fournisseur de la JVM :            Oracle Corporation
24-Jul-2022 20:45:02.822 INFO [main] org.apache.catalina.startup.VersionLoggerListener.log CATALINA_BASE :                    C:\Users\bila_\Desktop\J2E\apache-tomcat-9.0.65
24-Jul-2022 20:45:02.822 INFO [main] org.apache.catalina.startup.VersionLoggerListener.log CATALINA_HOME :                    C:\Users\bila_\Desktop\J2E\apache-tomcat-9.0.65
24-Jul-2022 20:45:02.858 INFO [main] org.apache.catalina.startup.VersionLoggerListener.log Argument de la ligne de commande : --add-opens=java.base/java.lang=ALL-UNNAMED
24-Jul-2022 20:45:02.858 INFO [main] org.apache.catalina.startup.VersionLoggerListener.log Argument de la ligne de commande : --add-opens=java.base/java.io=ALL-UNNAMED
24-Jul-2022 20:45:02.858 INFO [main] org.apache.catalina.startup.VersionLoggerListener.log Argument de la ligne de commande : --add-opens=java.base/java.util=ALL-UNNAMED
24-Jul-2022 20:45:02.858 INFO [main] org.apache.catalina.startup.VersionLoggerListener.log Argument de la ligne de commande : --add-opens=java.base/java.util.concurrent=ALL-UNNAMED
24-Jul-2022 20:45:02.858 INFO [main] org.apache.catalina.startup.VersionLoggerListener.log Argument de la ligne de commande : --add-opens=java.rmi/sun.rmi.transport=ALL-UNNAMED
24-Jul-2022 20:45:02.858 INFO [main] org.apache.catalina.startup.VersionLoggerListener.log Argument de la ligne de commande : -Djava.util.logging.config.file=C:\Users\bila_\Desktop\J2E\apache-tomcat-9.0.65\conf\logging.properties
24-Jul-2022 20:45:02.859 INFO [main] org.apache.catalina.startup.VersionLoggerListener.log Argument de la ligne de commande : -Djava.util.logging.manager=org.apache.juli.ClassLoaderLogManager
24-Jul-2022 20:45:02.859 INFO [main] org.apache.catalina.startup.VersionLoggerListener.log Argument de la ligne de commande : -Dhttp.nonProxyHosts=localhost|127.0.0.1|LAPTOP-UJ0N6OHD
24-Jul-2022 20:45:02.859 INFO [main] org.apache.catalina.startup.VersionLoggerListener.log Argument de la ligne de commande : -Djdk.tls.ephemeralDHKeySize=2048
24-Jul-2022 20:45:02.859 INFO [main] org.apache.catalina.startup.VersionLoggerListener.log Argument de la ligne de commande : -Djava.protocol.handler.pkgs=org.apache.catalina.webresources
24-Jul-2022 20:45:02.859 INFO [main] org.apache.catalina.startup.VersionLoggerListener.log Argument de la ligne de commande : -Dignore.endorsed.dirs=
24-Jul-2022 20:45:02.860 INFO [main] org.apache.catalina.startup.VersionLoggerListener.log Argument de la ligne de commande : -Dcatalina.base=C:\Users\bila_\Desktop\J2E\apache-tomcat-9.0.65
24-Jul-2022 20:45:02.860 INFO [main] org.apache.catalina.startup.VersionLoggerListener.log Argument de la ligne de commande : -Dcatalina.home=C:\Users\bila_\Desktop\J2E\apache-tomcat-9.0.65
24-Jul-2022 20:45:02.860 INFO [main] org.apache.catalina.startup.VersionLoggerListener.log Argument de la ligne de commande : -Djava.io.tmpdir=C:\Users\bila_\Desktop\J2E\apache-tomcat-9.0.65\temp
24-Jul-2022 20:45:02.872 INFO [main] org.apache.catalina.core.AprLifecycleListener.lifecycleEvent Chargement de la librairie Apache Tomcat Native [1.2.35] en utilisant APR version [1.7.0]
24-Jul-2022 20:45:02.872 INFO [main] org.apache.catalina.core.AprLifecycleListener.lifecycleEvent Fonctionnalités d'APR : IPv6 [true], sendfile [true], accept filters [false], random [true], UDS [true]
24-Jul-2022 20:45:02.873 INFO [main] org.apache.catalina.core.AprLifecycleListener.lifecycleEvent Configuration de APR/OpenSSL : useAprConnector [false], useOpenSSL [true]
24-Jul-2022 20:45:02.899 INFO [main] org.apache.catalina.core.AprLifecycleListener.initializeSSL OpenSSL a été initialisé avec succès [OpenSSL 1.1.1q  5 Jul 2022]
24-Jul-2022 20:45:03.533 INFO [main] org.apache.coyote.AbstractProtocol.init Initialisation du gestionnaire de protocole ["http-nio-8080"]
24-Jul-2022 20:45:03.583 INFO [main] org.apache.catalina.startup.Catalina.load L'initialisation du serveur a pris [1334] millisecondes
24-Jul-2022 20:45:03.693 INFO [main] org.apache.catalina.core.StandardService.startInternal Démarrage du service [Catalina]
24-Jul-2022 20:45:03.694 INFO [main] org.apache.catalina.core.StandardEngine.startInternal Démarrage du moteur de Servlets : [Apache Tomcat/9.0.65]
24-Jul-2022 20:45:03.712 INFO [main] org.apache.catalina.startup.HostConfig.deployDirectory Déploiement du répertoire d'application web [C:\Users\bila_\Desktop\J2E\apache-tomcat-9.0.65\webapps\docs]
24-Jul-2022 20:45:04.328 INFO [main] org.apache.catalina.startup.HostConfig.deployDirectory Le déploiement du répertoire [C:\Users\bila_\Desktop\J2E\apache-tomcat-9.0.65\webapps\docs] de l'application web s'est terminé en [612] ms
24-Jul-2022 20:45:04.329 INFO [main] org.apache.catalina.startup.HostConfig.deployDirectory Déploiement du répertoire d'application web [C:\Users\bila_\Desktop\J2E\apache-tomcat-9.0.65\webapps\examples]
24-Jul-2022 20:45:05.365 INFO [main] org.apache.catalina.startup.HostConfig.deployDirectory Le déploiement du répertoire [C:\Users\bila_\Desktop\J2E\apache-tomcat-9.0.65\webapps\examples] de l'application web s'est terminé en [1 036] ms
24-Jul-2022 20:45:05.366 INFO [main] org.apache.catalina.startup.HostConfig.deployDirectory Déploiement du répertoire d'application web [C:\Users\bila_\Desktop\J2E\apache-tomcat-9.0.65\webapps\host-manager]
24-Jul-2022 20:45:05.471 INFO [main] org.apache.catalina.startup.HostConfig.deployDirectory Le déploiement du répertoire [C:\Users\bila_\Desktop\J2E\apache-tomcat-9.0.65\webapps\host-manager] de l'application web s'est terminé en [105] ms
24-Jul-2022 20:45:05.472 INFO [main] org.apache.catalina.startup.HostConfig.deployDirectory Déploiement du répertoire d'application web [C:\Users\bila_\Desktop\J2E\apache-tomcat-9.0.65\webapps\manager]
24-Jul-2022 20:45:05.571 INFO [main] org.apache.catalina.startup.HostConfig.deployDirectory Le déploiement du répertoire [C:\Users\bila_\Desktop\J2E\apache-tomcat-9.0.65\webapps\manager] de l'application web s'est terminé en [99] ms
24-Jul-2022 20:45:05.572 INFO [main] org.apache.catalina.startup.HostConfig.deployDirectory Déploiement du répertoire d'application web [C:\Users\bila_\Desktop\J2E\apache-tomcat-9.0.65\webapps\ROOT]
24-Jul-2022 20:45:05.636 INFO [main] org.apache.catalina.startup.HostConfig.deployDirectory Le déploiement du répertoire [C:\Users\bila_\Desktop\J2E\apache-tomcat-9.0.65\webapps\ROOT] de l'application web s'est terminé en [64] ms
24-Jul-2022 20:45:05.642 INFO [main] org.apache.coyote.AbstractProtocol.start Démarrage du gestionnaire de protocole ["http-nio-8080"]
24-Jul-2022 20:45:05.738 INFO [main] org.apache.catalina.startup.Catalina.start Le démarrage du serveur a pris [2150] millisecondes
