25-Jul-2022 10:17:53.783 INFO [main] org.apache.catalina.startup.VersionLoggerListener.log Nom version serveur :              Apache Tomcat/9.0.65
25-Jul-2022 10:17:53.788 INFO [main] org.apache.catalina.startup.VersionLoggerListener.log Serveur compilé :                  Jul 14 2022 12:28:53 UTC
25-Jul-2022 10:17:53.788 INFO [main] org.apache.catalina.startup.VersionLoggerListener.log Version du serveur :               9.0.65.0
25-Jul-2022 10:17:53.788 INFO [main] org.apache.catalina.startup.VersionLoggerListener.log Nom de l'OS :                      Windows 11
25-Jul-2022 10:17:53.788 INFO [main] org.apache.catalina.startup.VersionLoggerListener.log Version OS :                       10.0
25-Jul-2022 10:17:53.789 INFO [main] org.apache.catalina.startup.VersionLoggerListener.log Architecture :                     amd64
25-Jul-2022 10:17:53.789 INFO [main] org.apache.catalina.startup.VersionLoggerListener.log Java Home :                        C:\Program Files\Java\jdk-18.0.2
25-Jul-2022 10:17:53.789 INFO [main] org.apache.catalina.startup.VersionLoggerListener.log Version JVM :                      18.0.2+9-61
25-Jul-2022 10:17:53.789 INFO [main] org.apache.catalina.startup.VersionLoggerListener.log Fournisseur de la JVM :            Oracle Corporation
25-Jul-2022 10:17:53.789 INFO [main] org.apache.catalina.startup.VersionLoggerListener.log CATALINA_BASE :                    C:\Users\bila_\Desktop\J2E\apache-tomcat-9.0.65
25-Jul-2022 10:17:53.789 INFO [main] org.apache.catalina.startup.VersionLoggerListener.log CATALINA_HOME :                    C:\Users\bila_\Desktop\J2E\apache-tomcat-9.0.65
25-Jul-2022 10:17:53.809 INFO [main] org.apache.catalina.startup.VersionLoggerListener.log Argument de la ligne de commande : --add-opens=java.base/java.lang=ALL-UNNAMED
25-Jul-2022 10:17:53.809 INFO [main] org.apache.catalina.startup.VersionLoggerListener.log Argument de la ligne de commande : --add-opens=java.base/java.io=ALL-UNNAMED
25-Jul-2022 10:17:53.809 INFO [main] org.apache.catalina.startup.VersionLoggerListener.log Argument de la ligne de commande : --add-opens=java.base/java.util=ALL-UNNAMED
25-Jul-2022 10:17:53.809 INFO [main] org.apache.catalina.startup.VersionLoggerListener.log Argument de la ligne de commande : --add-opens=java.base/java.util.concurrent=ALL-UNNAMED
25-Jul-2022 10:17:53.810 INFO [main] org.apache.catalina.startup.VersionLoggerListener.log Argument de la ligne de commande : --add-opens=java.rmi/sun.rmi.transport=ALL-UNNAMED
25-Jul-2022 10:17:53.810 INFO [main] org.apache.catalina.startup.VersionLoggerListener.log Argument de la ligne de commande : -Djava.util.logging.config.file=C:\Users\bila_\Desktop\J2E\apache-tomcat-9.0.65\conf\logging.properties
25-Jul-2022 10:17:53.810 INFO [main] org.apache.catalina.startup.VersionLoggerListener.log Argument de la ligne de commande : -Djava.util.logging.manager=org.apache.juli.ClassLoaderLogManager
25-Jul-2022 10:17:53.810 INFO [main] org.apache.catalina.startup.VersionLoggerListener.log Argument de la ligne de commande : -Dhttp.nonProxyHosts=localhost|127.0.0.1|LAPTOP-UJ0N6OHD
25-Jul-2022 10:17:53.810 INFO [main] org.apache.catalina.startup.VersionLoggerListener.log Argument de la ligne de commande : -Djdk.tls.ephemeralDHKeySize=2048
25-Jul-2022 10:17:53.810 INFO [main] org.apache.catalina.startup.VersionLoggerListener.log Argument de la ligne de commande : -Djava.protocol.handler.pkgs=org.apache.catalina.webresources
25-Jul-2022 10:17:53.810 INFO [main] org.apache.catalina.startup.VersionLoggerListener.log Argument de la ligne de commande : -Dignore.endorsed.dirs=
25-Jul-2022 10:17:53.810 INFO [main] org.apache.catalina.startup.VersionLoggerListener.log Argument de la ligne de commande : -Dcatalina.base=C:\Users\bila_\Desktop\J2E\apache-tomcat-9.0.65
25-Jul-2022 10:17:53.810 INFO [main] org.apache.catalina.startup.VersionLoggerListener.log Argument de la ligne de commande : -Dcatalina.home=C:\Users\bila_\Desktop\J2E\apache-tomcat-9.0.65
25-Jul-2022 10:17:53.810 INFO [main] org.apache.catalina.startup.VersionLoggerListener.log Argument de la ligne de commande : -Djava.io.tmpdir=C:\Users\bila_\Desktop\J2E\apache-tomcat-9.0.65\temp
25-Jul-2022 10:17:53.887 INFO [main] org.apache.catalina.core.AprLifecycleListener.lifecycleEvent Chargement de la librairie Apache Tomcat Native [1.2.35] en utilisant APR version [1.7.0]
25-Jul-2022 10:17:53.887 INFO [main] org.apache.catalina.core.AprLifecycleListener.lifecycleEvent Fonctionnalités d'APR : IPv6 [true], sendfile [true], accept filters [false], random [true], UDS [true]
25-Jul-2022 10:17:53.888 INFO [main] org.apache.catalina.core.AprLifecycleListener.lifecycleEvent Configuration de APR/OpenSSL : useAprConnector [false], useOpenSSL [true]
25-Jul-2022 10:17:53.906 INFO [main] org.apache.catalina.core.AprLifecycleListener.initializeSSL OpenSSL a été initialisé avec succès [OpenSSL 1.1.1q  5 Jul 2022]
25-Jul-2022 10:17:54.257 INFO [main] org.apache.coyote.AbstractProtocol.init Initialisation du gestionnaire de protocole ["http-nio-8080"]
25-Jul-2022 10:17:54.283 INFO [main] org.apache.catalina.startup.Catalina.load L'initialisation du serveur a pris [777] millisecondes
25-Jul-2022 10:17:54.348 INFO [main] org.apache.catalina.core.StandardService.startInternal Démarrage du service [Catalina]
25-Jul-2022 10:17:54.348 INFO [main] org.apache.catalina.core.StandardEngine.startInternal Démarrage du moteur de Servlets : [Apache Tomcat/9.0.65]
25-Jul-2022 10:17:54.358 INFO [main] org.apache.catalina.startup.HostConfig.deployDirectory Déploiement du répertoire d'application web [C:\Users\bila_\Desktop\J2E\apache-tomcat-9.0.65\webapps\docs]
25-Jul-2022 10:17:54.713 INFO [main] org.apache.catalina.startup.HostConfig.deployDirectory Le déploiement du répertoire [C:\Users\bila_\Desktop\J2E\apache-tomcat-9.0.65\webapps\docs] de l'application web s'est terminé en [353] ms
25-Jul-2022 10:17:54.714 INFO [main] org.apache.catalina.startup.HostConfig.deployDirectory Déploiement du répertoire d'application web [C:\Users\bila_\Desktop\J2E\apache-tomcat-9.0.65\webapps\examples]
25-Jul-2022 10:17:55.393 INFO [main] org.apache.catalina.startup.HostConfig.deployDirectory Le déploiement du répertoire [C:\Users\bila_\Desktop\J2E\apache-tomcat-9.0.65\webapps\examples] de l'application web s'est terminé en [679] ms
25-Jul-2022 10:17:55.407 INFO [main] org.apache.catalina.startup.HostConfig.deployDirectory Déploiement du répertoire d'application web [C:\Users\bila_\Desktop\J2E\apache-tomcat-9.0.65\webapps\host-manager]
25-Jul-2022 10:17:55.473 INFO [main] org.apache.catalina.startup.HostConfig.deployDirectory Le déploiement du répertoire [C:\Users\bila_\Desktop\J2E\apache-tomcat-9.0.65\webapps\host-manager] de l'application web s'est terminé en [67] ms
25-Jul-2022 10:17:55.475 INFO [main] org.apache.catalina.startup.HostConfig.deployDirectory Déploiement du répertoire d'application web [C:\Users\bila_\Desktop\J2E\apache-tomcat-9.0.65\webapps\manager]
25-Jul-2022 10:17:55.538 INFO [main] org.apache.catalina.startup.HostConfig.deployDirectory Le déploiement du répertoire [C:\Users\bila_\Desktop\J2E\apache-tomcat-9.0.65\webapps\manager] de l'application web s'est terminé en [63] ms
25-Jul-2022 10:17:55.539 INFO [main] org.apache.catalina.startup.HostConfig.deployDirectory Déploiement du répertoire d'application web [C:\Users\bila_\Desktop\J2E\apache-tomcat-9.0.65\webapps\ROOT]
25-Jul-2022 10:17:55.571 INFO [main] org.apache.catalina.startup.HostConfig.deployDirectory Le déploiement du répertoire [C:\Users\bila_\Desktop\J2E\apache-tomcat-9.0.65\webapps\ROOT] de l'application web s'est terminé en [33] ms
25-Jul-2022 10:17:55.576 INFO [main] org.apache.coyote.AbstractProtocol.start Démarrage du gestionnaire de protocole ["http-nio-8080"]
25-Jul-2022 10:17:55.642 INFO [main] org.apache.catalina.startup.Catalina.start Le démarrage du serveur a pris [1356] millisecondes
25-Jul-2022 10:18:02.474 WARNING [http-nio-8080-exec-10] org.apache.catalina.realm.LockOutRealm.filterLockedAccounts Une tentative d'authentification a été effectuée pour l'utilisateur verrouillé ("locked user") [user]
25-Jul-2022 10:18:04.983 WARNING [http-nio-8080-exec-2] org.apache.catalina.realm.LockOutRealm.filterLockedAccounts Une tentative d'authentification a été effectuée pour l'utilisateur verrouillé ("locked user") [user]
25-Jul-2022 10:18:07.157 WARNING [http-nio-8080-exec-4] org.apache.catalina.realm.LockOutRealm.filterLockedAccounts Une tentative d'authentification a été effectuée pour l'utilisateur verrouillé ("locked user") [user]
25-Jul-2022 10:18:07.581 WARNING [http-nio-8080-exec-6] org.apache.catalina.realm.LockOutRealm.filterLockedAccounts Une tentative d'authentification a été effectuée pour l'utilisateur verrouillé ("locked user") [user]
25-Jul-2022 10:18:33.398 WARNING [http-nio-8080-exec-8] org.apache.catalina.realm.LockOutRealm.filterLockedAccounts Une tentative d'authentification a été effectuée pour l'utilisateur verrouillé ("locked user") [user]
25-Jul-2022 10:18:34.099 WARNING [http-nio-8080-exec-10] org.apache.catalina.realm.LockOutRealm.filterLockedAccounts Une tentative d'authentification a été effectuée pour l'utilisateur verrouillé ("locked user") [user]
25-Jul-2022 10:18:34.258 WARNING [http-nio-8080-exec-1] org.apache.catalina.realm.LockOutRealm.filterLockedAccounts Une tentative d'authentification a été effectuée pour l'utilisateur verrouillé ("locked user") [user]
25-Jul-2022 10:18:34.800 WARNING [http-nio-8080-exec-4] org.apache.catalina.realm.LockOutRealm.filterLockedAccounts Une tentative d'authentification a été effectuée pour l'utilisateur verrouillé ("locked user") [user]
25-Jul-2022 10:20:13.604 WARNING [http-nio-8080-exec-3] org.apache.catalina.realm.LockOutRealm.filterLockedAccounts Une tentative d'authentification a été effectuée pour l'utilisateur verrouillé ("locked user") [user]
25-Jul-2022 10:20:14.412 WARNING [http-nio-8080-exec-4] org.apache.catalina.realm.LockOutRealm.filterLockedAccounts Une tentative d'authentification a été effectuée pour l'utilisateur verrouillé ("locked user") [user]
25-Jul-2022 10:21:08.372 WARNING [http-nio-8080-exec-10] org.apache.catalina.realm.LockOutRealm.filterLockedAccounts Une tentative d'authentification a été effectuée pour l'utilisateur verrouillé ("locked user") [user]
25-Jul-2022 10:21:24.333 WARNING [http-nio-8080-exec-3] org.apache.catalina.realm.LockOutRealm.filterLockedAccounts Une tentative d'authentification a été effectuée pour l'utilisateur verrouillé ("locked user") []
25-Jul-2022 10:21:25.113 WARNING [http-nio-8080-exec-2] org.apache.catalina.realm.LockOutRealm.filterLockedAccounts Une tentative d'authentification a été effectuée pour l'utilisateur verrouillé ("locked user") []
25-Jul-2022 10:21:32.746 WARNING [http-nio-8080-exec-3] org.apache.catalina.realm.LockOutRealm.filterLockedAccounts Une tentative d'authentification a été effectuée pour l'utilisateur verrouillé ("locked user") []
25-Jul-2022 10:21:34.389 WARNING [http-nio-8080-exec-9] org.apache.catalina.realm.LockOutRealm.filterLockedAccounts Une tentative d'authentification a été effectuée pour l'utilisateur verrouillé ("locked user") []
25-Jul-2022 10:21:37.234 WARNING [http-nio-8080-exec-6] org.apache.catalina.realm.LockOutRealm.filterLockedAccounts Une tentative d'authentification a été effectuée pour l'utilisateur verrouillé ("locked user") []
25-Jul-2022 10:21:55.535 WARNING [http-nio-8080-exec-1] org.apache.catalina.realm.LockOutRealm.filterLockedAccounts Une tentative d'authentification a été effectuée pour l'utilisateur verrouillé ("locked user") []
25-Jul-2022 10:21:58.080 WARNING [http-nio-8080-exec-2] org.apache.catalina.realm.LockOutRealm.filterLockedAccounts Une tentative d'authentification a été effectuée pour l'utilisateur verrouillé ("locked user") []
25-Jul-2022 10:22:53.781 WARNING [http-nio-8080-exec-6] org.apache.catalina.realm.LockOutRealm.filterLockedAccounts Une tentative d'authentification a été effectuée pour l'utilisateur verrouillé ("locked user") [tomcat]
25-Jul-2022 10:22:55.129 INFO [main] org.apache.catalina.core.StandardServer.await Une commande d'arrêt valide a été reçue sur le port d'arrêt, arrêt de l'instance du serveur
25-Jul-2022 10:22:55.129 INFO [main] org.apache.coyote.AbstractProtocol.pause Le gestionnaire de protocole ["http-nio-8080"] est mis en pause
25-Jul-2022 10:22:55.138 INFO [main] org.apache.catalina.core.StandardService.stopInternal Arrêt du service [Catalina]
25-Jul-2022 10:22:55.165 INFO [main] org.apache.coyote.AbstractProtocol.stop Arrêt du gestionnaire de protocole ["http-nio-8080"]
25-Jul-2022 10:22:55.175 INFO [main] org.apache.coyote.AbstractProtocol.destroy Destruction du gestionnaire de protocole ["http-nio-8080"]
25-Jul-2022 10:31:40.893 INFO [main] org.apache.catalina.startup.VersionLoggerListener.log Nom version serveur :              Apache Tomcat/9.0.65
25-Jul-2022 10:31:40.898 INFO [main] org.apache.catalina.startup.VersionLoggerListener.log Serveur compilé :                  Jul 14 2022 12:28:53 UTC
25-Jul-2022 10:31:40.898 INFO [main] org.apache.catalina.startup.VersionLoggerListener.log Version du serveur :               9.0.65.0
25-Jul-2022 10:31:40.898 INFO [main] org.apache.catalina.startup.VersionLoggerListener.log Nom de l'OS :                      Windows 11
25-Jul-2022 10:31:40.898 INFO [main] org.apache.catalina.startup.VersionLoggerListener.log Version OS :                       10.0
25-Jul-2022 10:31:40.898 INFO [main] org.apache.catalina.startup.VersionLoggerListener.log Architecture :                     amd64
25-Jul-2022 10:31:40.898 INFO [main] org.apache.catalina.startup.VersionLoggerListener.log Java Home :                        C:\Program Files\Java\jdk-18.0.2
25-Jul-2022 10:31:40.898 INFO [main] org.apache.catalina.startup.VersionLoggerListener.log Version JVM :                      18.0.2+9-61
25-Jul-2022 10:31:40.898 INFO [main] org.apache.catalina.startup.VersionLoggerListener.log Fournisseur de la JVM :            Oracle Corporation
25-Jul-2022 10:31:40.898 INFO [main] org.apache.catalina.startup.VersionLoggerListener.log CATALINA_BASE :                    C:\Users\bila_\Desktop\J2E\apache-tomcat-9.0.65
25-Jul-2022 10:31:40.899 INFO [main] org.apache.catalina.startup.VersionLoggerListener.log CATALINA_HOME :                    C:\Users\bila_\Desktop\J2E\apache-tomcat-9.0.65
25-Jul-2022 10:31:40.919 INFO [main] org.apache.catalina.startup.VersionLoggerListener.log Argument de la ligne de commande : --add-opens=java.base/java.lang=ALL-UNNAMED
25-Jul-2022 10:31:40.919 INFO [main] org.apache.catalina.startup.VersionLoggerListener.log Argument de la ligne de commande : --add-opens=java.base/java.io=ALL-UNNAMED
25-Jul-2022 10:31:40.919 INFO [main] org.apache.catalina.startup.VersionLoggerListener.log Argument de la ligne de commande : --add-opens=java.base/java.util=ALL-UNNAMED
25-Jul-2022 10:31:40.919 INFO [main] org.apache.catalina.startup.VersionLoggerListener.log Argument de la ligne de commande : --add-opens=java.base/java.util.concurrent=ALL-UNNAMED
25-Jul-2022 10:31:40.919 INFO [main] org.apache.catalina.startup.VersionLoggerListener.log Argument de la ligne de commande : --add-opens=java.rmi/sun.rmi.transport=ALL-UNNAMED
25-Jul-2022 10:31:40.919 INFO [main] org.apache.catalina.startup.VersionLoggerListener.log Argument de la ligne de commande : -Djava.util.logging.config.file=C:\Users\bila_\Desktop\J2E\apache-tomcat-9.0.65\conf\logging.properties
25-Jul-2022 10:31:40.919 INFO [main] org.apache.catalina.startup.VersionLoggerListener.log Argument de la ligne de commande : -Djava.util.logging.manager=org.apache.juli.ClassLoaderLogManager
25-Jul-2022 10:31:40.919 INFO [main] org.apache.catalina.startup.VersionLoggerListener.log Argument de la ligne de commande : -Dhttp.nonProxyHosts=localhost|127.0.0.1|LAPTOP-UJ0N6OHD
25-Jul-2022 10:31:40.919 INFO [main] org.apache.catalina.startup.VersionLoggerListener.log Argument de la ligne de commande : -Djdk.tls.ephemeralDHKeySize=2048
25-Jul-2022 10:31:40.920 INFO [main] org.apache.catalina.startup.VersionLoggerListener.log Argument de la ligne de commande : -Djava.protocol.handler.pkgs=org.apache.catalina.webresources
25-Jul-2022 10:31:40.920 INFO [main] org.apache.catalina.startup.VersionLoggerListener.log Argument de la ligne de commande : -Dignore.endorsed.dirs=
25-Jul-2022 10:31:40.920 INFO [main] org.apache.catalina.startup.VersionLoggerListener.log Argument de la ligne de commande : -Dcatalina.base=C:\Users\bila_\Desktop\J2E\apache-tomcat-9.0.65
25-Jul-2022 10:31:40.920 INFO [main] org.apache.catalina.startup.VersionLoggerListener.log Argument de la ligne de commande : -Dcatalina.home=C:\Users\bila_\Desktop\J2E\apache-tomcat-9.0.65
25-Jul-2022 10:31:40.920 INFO [main] org.apache.catalina.startup.VersionLoggerListener.log Argument de la ligne de commande : -Djava.io.tmpdir=C:\Users\bila_\Desktop\J2E\apache-tomcat-9.0.65\temp
25-Jul-2022 10:31:40.928 INFO [main] org.apache.catalina.core.AprLifecycleListener.lifecycleEvent Chargement de la librairie Apache Tomcat Native [1.2.35] en utilisant APR version [1.7.0]
25-Jul-2022 10:31:40.928 INFO [main] org.apache.catalina.core.AprLifecycleListener.lifecycleEvent Fonctionnalités d'APR : IPv6 [true], sendfile [true], accept filters [false], random [true], UDS [true]
25-Jul-2022 10:31:40.928 INFO [main] org.apache.catalina.core.AprLifecycleListener.lifecycleEvent Configuration de APR/OpenSSL : useAprConnector [false], useOpenSSL [true]
25-Jul-2022 10:31:40.945 INFO [main] org.apache.catalina.core.AprLifecycleListener.initializeSSL OpenSSL a été initialisé avec succès [OpenSSL 1.1.1q  5 Jul 2022]
25-Jul-2022 10:31:41.241 INFO [main] org.apache.coyote.AbstractProtocol.init Initialisation du gestionnaire de protocole ["http-nio-8080"]
25-Jul-2022 10:31:41.268 INFO [main] org.apache.catalina.startup.Catalina.load L'initialisation du serveur a pris [640] millisecondes
25-Jul-2022 10:31:41.320 INFO [main] org.apache.catalina.core.StandardService.startInternal Démarrage du service [Catalina]
25-Jul-2022 10:31:41.320 INFO [main] org.apache.catalina.core.StandardEngine.startInternal Démarrage du moteur de Servlets : [Apache Tomcat/9.0.65]
25-Jul-2022 10:31:41.330 INFO [main] org.apache.catalina.startup.HostConfig.deployDirectory Déploiement du répertoire d'application web [C:\Users\bila_\Desktop\J2E\apache-tomcat-9.0.65\webapps\docs]
25-Jul-2022 10:31:41.663 INFO [main] org.apache.catalina.startup.HostConfig.deployDirectory Le déploiement du répertoire [C:\Users\bila_\Desktop\J2E\apache-tomcat-9.0.65\webapps\docs] de l'application web s'est terminé en [332] ms
25-Jul-2022 10:31:41.663 INFO [main] org.apache.catalina.startup.HostConfig.deployDirectory Déploiement du répertoire d'application web [C:\Users\bila_\Desktop\J2E\apache-tomcat-9.0.65\webapps\examples]
25-Jul-2022 10:31:42.245 INFO [main] org.apache.catalina.startup.HostConfig.deployDirectory Le déploiement du répertoire [C:\Users\bila_\Desktop\J2E\apache-tomcat-9.0.65\webapps\examples] de l'application web s'est terminé en [581] ms
25-Jul-2022 10:31:42.245 INFO [main] org.apache.catalina.startup.HostConfig.deployDirectory Déploiement du répertoire d'application web [C:\Users\bila_\Desktop\J2E\apache-tomcat-9.0.65\webapps\host-manager]
25-Jul-2022 10:31:42.303 INFO [main] org.apache.catalina.startup.HostConfig.deployDirectory Le déploiement du répertoire [C:\Users\bila_\Desktop\J2E\apache-tomcat-9.0.65\webapps\host-manager] de l'application web s'est terminé en [58] ms
25-Jul-2022 10:31:42.303 INFO [main] org.apache.catalina.startup.HostConfig.deployDirectory Déploiement du répertoire d'application web [C:\Users\bila_\Desktop\J2E\apache-tomcat-9.0.65\webapps\manager]
25-Jul-2022 10:31:42.361 INFO [main] org.apache.catalina.startup.HostConfig.deployDirectory Le déploiement du répertoire [C:\Users\bila_\Desktop\J2E\apache-tomcat-9.0.65\webapps\manager] de l'application web s'est terminé en [57] ms
25-Jul-2022 10:31:42.361 INFO [main] org.apache.catalina.startup.HostConfig.deployDirectory Déploiement du répertoire d'application web [C:\Users\bila_\Desktop\J2E\apache-tomcat-9.0.65\webapps\ROOT]
25-Jul-2022 10:31:42.391 INFO [main] org.apache.catalina.startup.HostConfig.deployDirectory Le déploiement du répertoire [C:\Users\bila_\Desktop\J2E\apache-tomcat-9.0.65\webapps\ROOT] de l'application web s'est terminé en [30] ms
25-Jul-2022 10:31:42.395 INFO [main] org.apache.coyote.AbstractProtocol.start Démarrage du gestionnaire de protocole ["http-nio-8080"]
25-Jul-2022 10:31:42.452 INFO [main] org.apache.catalina.startup.Catalina.start Le démarrage du serveur a pris [1181] millisecondes
25-Jul-2022 10:32:06.175 INFO [main] org.apache.catalina.core.StandardServer.await Une commande d'arrêt valide a été reçue sur le port d'arrêt, arrêt de l'instance du serveur
25-Jul-2022 10:32:06.175 INFO [main] org.apache.coyote.AbstractProtocol.pause Le gestionnaire de protocole ["http-nio-8080"] est mis en pause
25-Jul-2022 10:32:06.185 INFO [main] org.apache.catalina.core.StandardService.stopInternal Arrêt du service [Catalina]
25-Jul-2022 10:32:06.209 INFO [main] org.apache.coyote.AbstractProtocol.stop Arrêt du gestionnaire de protocole ["http-nio-8080"]
25-Jul-2022 10:32:06.223 INFO [main] org.apache.coyote.AbstractProtocol.destroy Destruction du gestionnaire de protocole ["http-nio-8080"]
25-Jul-2022 10:32:11.085 INFO [main] org.apache.catalina.startup.VersionLoggerListener.log Nom version serveur :              Apache Tomcat/9.0.65
25-Jul-2022 10:32:11.088 INFO [main] org.apache.catalina.startup.VersionLoggerListener.log Serveur compilé :                  Jul 14 2022 12:28:53 UTC
25-Jul-2022 10:32:11.089 INFO [main] org.apache.catalina.startup.VersionLoggerListener.log Version du serveur :               9.0.65.0
25-Jul-2022 10:32:11.089 INFO [main] org.apache.catalina.startup.VersionLoggerListener.log Nom de l'OS :                      Windows 11
25-Jul-2022 10:32:11.089 INFO [main] org.apache.catalina.startup.VersionLoggerListener.log Version OS :                       10.0
25-Jul-2022 10:32:11.089 INFO [main] org.apache.catalina.startup.VersionLoggerListener.log Architecture :                     amd64
25-Jul-2022 10:32:11.089 INFO [main] org.apache.catalina.startup.VersionLoggerListener.log Java Home :                        C:\Program Files\Java\jdk-18.0.2
25-Jul-2022 10:32:11.089 INFO [main] org.apache.catalina.startup.VersionLoggerListener.log Version JVM :                      18.0.2+9-61
25-Jul-2022 10:32:11.089 INFO [main] org.apache.catalina.startup.VersionLoggerListener.log Fournisseur de la JVM :            Oracle Corporation
25-Jul-2022 10:32:11.089 INFO [main] org.apache.catalina.startup.VersionLoggerListener.log CATALINA_BASE :                    C:\Users\bila_\Desktop\J2E\apache-tomcat-9.0.65
25-Jul-2022 10:32:11.089 INFO [main] org.apache.catalina.startup.VersionLoggerListener.log CATALINA_HOME :                    C:\Users\bila_\Desktop\J2E\apache-tomcat-9.0.65
25-Jul-2022 10:32:11.101 INFO [main] org.apache.catalina.startup.VersionLoggerListener.log Argument de la ligne de commande : --add-opens=java.base/java.lang=ALL-UNNAMED
25-Jul-2022 10:32:11.101 INFO [main] org.apache.catalina.startup.VersionLoggerListener.log Argument de la ligne de commande : --add-opens=java.base/java.io=ALL-UNNAMED
25-Jul-2022 10:32:11.101 INFO [main] org.apache.catalina.startup.VersionLoggerListener.log Argument de la ligne de commande : --add-opens=java.base/java.util=ALL-UNNAMED
25-Jul-2022 10:32:11.101 INFO [main] org.apache.catalina.startup.VersionLoggerListener.log Argument de la ligne de commande : --add-opens=java.base/java.util.concurrent=ALL-UNNAMED
25-Jul-2022 10:32:11.101 INFO [main] org.apache.catalina.startup.VersionLoggerListener.log Argument de la ligne de commande : --add-opens=java.rmi/sun.rmi.transport=ALL-UNNAMED
25-Jul-2022 10:32:11.101 INFO [main] org.apache.catalina.startup.VersionLoggerListener.log Argument de la ligne de commande : -Djava.util.logging.config.file=C:\Users\bila_\Desktop\J2E\apache-tomcat-9.0.65\conf\logging.properties
25-Jul-2022 10:32:11.101 INFO [main] org.apache.catalina.startup.VersionLoggerListener.log Argument de la ligne de commande : -Djava.util.logging.manager=org.apache.juli.ClassLoaderLogManager
25-Jul-2022 10:32:11.101 INFO [main] org.apache.catalina.startup.VersionLoggerListener.log Argument de la ligne de commande : -Dhttp.nonProxyHosts=localhost|127.0.0.1|LAPTOP-UJ0N6OHD
25-Jul-2022 10:32:11.101 INFO [main] org.apache.catalina.startup.VersionLoggerListener.log Argument de la ligne de commande : -Djdk.tls.ephemeralDHKeySize=2048
25-Jul-2022 10:32:11.102 INFO [main] org.apache.catalina.startup.VersionLoggerListener.log Argument de la ligne de commande : -Djava.protocol.handler.pkgs=org.apache.catalina.webresources
25-Jul-2022 10:32:11.102 INFO [main] org.apache.catalina.startup.VersionLoggerListener.log Argument de la ligne de commande : -Dignore.endorsed.dirs=
25-Jul-2022 10:32:11.102 INFO [main] org.apache.catalina.startup.VersionLoggerListener.log Argument de la ligne de commande : -Dcatalina.base=C:\Users\bila_\Desktop\J2E\apache-tomcat-9.0.65
25-Jul-2022 10:32:11.102 INFO [main] org.apache.catalina.startup.VersionLoggerListener.log Argument de la ligne de commande : -Dcatalina.home=C:\Users\bila_\Desktop\J2E\apache-tomcat-9.0.65
25-Jul-2022 10:32:11.102 INFO [main] org.apache.catalina.startup.VersionLoggerListener.log Argument de la ligne de commande : -Djava.io.tmpdir=C:\Users\bila_\Desktop\J2E\apache-tomcat-9.0.65\temp
25-Jul-2022 10:32:11.162 INFO [main] org.apache.catalina.core.AprLifecycleListener.lifecycleEvent Chargement de la librairie Apache Tomcat Native [1.2.35] en utilisant APR version [1.7.0]
25-Jul-2022 10:32:11.162 INFO [main] org.apache.catalina.core.AprLifecycleListener.lifecycleEvent Fonctionnalités d'APR : IPv6 [true], sendfile [true], accept filters [false], random [true], UDS [true]
25-Jul-2022 10:32:11.162 INFO [main] org.apache.catalina.core.AprLifecycleListener.lifecycleEvent Configuration de APR/OpenSSL : useAprConnector [false], useOpenSSL [true]
25-Jul-2022 10:32:11.168 INFO [main] org.apache.catalina.core.AprLifecycleListener.initializeSSL OpenSSL a été initialisé avec succès [OpenSSL 1.1.1q  5 Jul 2022]
25-Jul-2022 10:32:11.437 INFO [main] org.apache.coyote.AbstractProtocol.init Initialisation du gestionnaire de protocole ["http-nio-8080"]
25-Jul-2022 10:32:11.460 INFO [main] org.apache.catalina.startup.Catalina.load L'initialisation du serveur a pris [598] millisecondes
25-Jul-2022 10:32:11.508 INFO [main] org.apache.catalina.core.StandardService.startInternal Démarrage du service [Catalina]
25-Jul-2022 10:32:11.508 INFO [main] org.apache.catalina.core.StandardEngine.startInternal Démarrage du moteur de Servlets : [Apache Tomcat/9.0.65]
25-Jul-2022 10:32:11.517 INFO [main] org.apache.catalina.startup.HostConfig.deployDirectory Déploiement du répertoire d'application web [C:\Users\bila_\Desktop\J2E\apache-tomcat-9.0.65\webapps\docs]
25-Jul-2022 10:32:11.824 INFO [main] org.apache.catalina.startup.HostConfig.deployDirectory Le déploiement du répertoire [C:\Users\bila_\Desktop\J2E\apache-tomcat-9.0.65\webapps\docs] de l'application web s'est terminé en [305] ms
25-Jul-2022 10:32:11.825 INFO [main] org.apache.catalina.startup.HostConfig.deployDirectory Déploiement du répertoire d'application web [C:\Users\bila_\Desktop\J2E\apache-tomcat-9.0.65\webapps\examples]
25-Jul-2022 10:32:12.366 INFO [main] org.apache.catalina.startup.HostConfig.deployDirectory Le déploiement du répertoire [C:\Users\bila_\Desktop\J2E\apache-tomcat-9.0.65\webapps\examples] de l'application web s'est terminé en [541] ms
25-Jul-2022 10:32:12.367 INFO [main] org.apache.catalina.startup.HostConfig.deployDirectory Déploiement du répertoire d'application web [C:\Users\bila_\Desktop\J2E\apache-tomcat-9.0.65\webapps\host-manager]
25-Jul-2022 10:32:12.418 INFO [main] org.apache.catalina.startup.HostConfig.deployDirectory Le déploiement du répertoire [C:\Users\bila_\Desktop\J2E\apache-tomcat-9.0.65\webapps\host-manager] de l'application web s'est terminé en [51] ms
25-Jul-2022 10:32:12.419 INFO [main] org.apache.catalina.startup.HostConfig.deployDirectory Déploiement du répertoire d'application web [C:\Users\bila_\Desktop\J2E\apache-tomcat-9.0.65\webapps\manager]
25-Jul-2022 10:32:12.482 INFO [main] org.apache.catalina.startup.HostConfig.deployDirectory Le déploiement du répertoire [C:\Users\bila_\Desktop\J2E\apache-tomcat-9.0.65\webapps\manager] de l'application web s'est terminé en [62] ms
25-Jul-2022 10:32:12.483 INFO [main] org.apache.catalina.startup.HostConfig.deployDirectory Déploiement du répertoire d'application web [C:\Users\bila_\Desktop\J2E\apache-tomcat-9.0.65\webapps\ROOT]
25-Jul-2022 10:32:12.513 INFO [main] org.apache.catalina.startup.HostConfig.deployDirectory Le déploiement du répertoire [C:\Users\bila_\Desktop\J2E\apache-tomcat-9.0.65\webapps\ROOT] de l'application web s'est terminé en [30] ms
25-Jul-2022 10:32:12.518 INFO [main] org.apache.coyote.AbstractProtocol.start Démarrage du gestionnaire de protocole ["http-nio-8080"]
25-Jul-2022 10:32:12.580 INFO [main] org.apache.catalina.startup.Catalina.start Le démarrage du serveur a pris [1118] millisecondes
25-Jul-2022 10:46:53.536 INFO [Catalina-utility-2] org.apache.catalina.users.MemoryUserDatabase.backgroundProcess Rechargement de la base de données des utilisateurs [UserDatabase] à partir de la source mise à jour [file:/C:/Users/bila_/Desktop/J2E/apache-tomcat-9.0.65/conf/tomcat-users.xml]
25-Jul-2022 10:47:48.761 INFO [http-nio-8080-exec-6] org.apache.catalina.startup.HostConfig.deployDescriptor Déploiement du descripteur de configuration [C:\Users\bila_\Desktop\J2E\apache-tomcat-9.0.65\conf\Catalina\localhost\first-project.xml]
25-Jul-2022 10:47:48.763 WARNING [http-nio-8080-exec-6] org.apache.catalina.startup.HostConfig.deployDescriptor L'attribut path avec la valeur [/first-project] dans le descripteur de déploiement [C:\Users\bila_\Desktop\J2E\apache-tomcat-9.0.65\conf\Catalina\localhost\first-project.xml] a été ignoré
25-Jul-2022 10:47:48.970 INFO [http-nio-8080-exec-6] org.apache.catalina.startup.HostConfig.deployDescriptor Le traitement du descripteur de déploiement [C:\Users\bila_\Desktop\J2E\apache-tomcat-9.0.65\conf\Catalina\localhost\first-project.xml] a pris [208] ms
25-Jul-2022 10:47:48.972 WARNING [http-nio-8080-exec-8] org.apache.catalina.realm.LockOutRealm.filterLockedAccounts Une tentative d'authentification a été effectuée pour l'utilisateur verrouillé ("locked user") []
25-Jul-2022 10:47:48.975 INFO [http-nio-8080-exec-2] org.apache.catalina.util.LifecycleBase.start La méthode start() a été appelée sur le composant [StandardEngine[Catalina].StandardHost[localhost].StandardContext[/first-project]] après que start() ait déjà été appelé, le deuxième appel sera ignoré
25-Jul-2022 10:49:39.223 WARNING [http-nio-8080-exec-5] org.apache.catalina.realm.LockOutRealm.filterLockedAccounts Une tentative d'authentification a été effectuée pour l'utilisateur verrouillé ("locked user") []
25-Jul-2022 10:49:39.240 WARNING [http-nio-8080-exec-9] org.apache.catalina.realm.LockOutRealm.filterLockedAccounts Une tentative d'authentification a été effectuée pour l'utilisateur verrouillé ("locked user") []
25-Jul-2022 10:49:39.257 WARNING [http-nio-8080-exec-4] org.apache.catalina.realm.LockOutRealm.filterLockedAccounts Une tentative d'authentification a été effectuée pour l'utilisateur verrouillé ("locked user") []
25-Jul-2022 10:49:39.753 WARNING [http-nio-8080-exec-9] org.apache.catalina.realm.LockOutRealm.filterLockedAccounts Une tentative d'authentification a été effectuée pour l'utilisateur verrouillé ("locked user") []
25-Jul-2022 10:49:39.764 WARNING [http-nio-8080-exec-10] org.apache.catalina.realm.LockOutRealm.filterLockedAccounts Une tentative d'authentification a été effectuée pour l'utilisateur verrouillé ("locked user") []
25-Jul-2022 10:49:39.772 WARNING [http-nio-8080-exec-7] org.apache.catalina.realm.LockOutRealm.filterLockedAccounts Une tentative d'authentification a été effectuée pour l'utilisateur verrouillé ("locked user") []
25-Jul-2022 10:49:43.745 INFO [Catalina-utility-1] org.apache.catalina.startup.HostConfig.reload Rechargement du contexte [/first-project]
25-Jul-2022 10:49:43.745 INFO [Catalina-utility-1] org.apache.catalina.core.StandardContext.reload Le rechargement du contexte [/first-project] a démarré
25-Jul-2022 10:49:43.903 INFO [Catalina-utility-1] org.apache.catalina.core.StandardContext.reload Le rechargement de ce contexte est terminé
25-Jul-2022 10:50:21.772 WARNING [http-nio-8080-exec-9] org.apache.catalina.realm.LockOutRealm.filterLockedAccounts Une tentative d'authentification a été effectuée pour l'utilisateur verrouillé ("locked user") []
25-Jul-2022 10:50:21.790 WARNING [http-nio-8080-exec-12] org.apache.catalina.realm.LockOutRealm.filterLockedAccounts Une tentative d'authentification a été effectuée pour l'utilisateur verrouillé ("locked user") []
25-Jul-2022 10:50:22.309 INFO [http-nio-8080-exec-11] org.apache.catalina.startup.HostConfig.undeploy Retrait de l'application web ayant pour chemin de contexte [/first-project]
25-Jul-2022 10:50:32.439 WARNING [http-nio-8080-exec-4] org.apache.catalina.realm.LockOutRealm.filterLockedAccounts Une tentative d'authentification a été effectuée pour l'utilisateur verrouillé ("locked user") []
25-Jul-2022 10:50:32.446 WARNING [http-nio-8080-exec-12] org.apache.catalina.realm.LockOutRealm.filterLockedAccounts Une tentative d'authentification a été effectuée pour l'utilisateur verrouillé ("locked user") []
25-Jul-2022 10:50:32.464 WARNING [http-nio-8080-exec-7] org.apache.catalina.realm.LockOutRealm.filterLockedAccounts Une tentative d'authentification a été effectuée pour l'utilisateur verrouillé ("locked user") []
25-Jul-2022 10:50:32.470 INFO [http-nio-8080-exec-8] org.apache.catalina.startup.HostConfig.deployDescriptor Déploiement du descripteur de configuration [C:\Users\bila_\Desktop\J2E\apache-tomcat-9.0.65\conf\Catalina\localhost\first-project.xml]
25-Jul-2022 10:50:32.472 WARNING [http-nio-8080-exec-8] org.apache.catalina.startup.HostConfig.deployDescriptor L'attribut path avec la valeur [/first-project] dans le descripteur de déploiement [C:\Users\bila_\Desktop\J2E\apache-tomcat-9.0.65\conf\Catalina\localhost\first-project.xml] a été ignoré
25-Jul-2022 10:50:32.632 INFO [http-nio-8080-exec-8] org.apache.catalina.startup.HostConfig.deployDescriptor Le traitement du descripteur de déploiement [C:\Users\bila_\Desktop\J2E\apache-tomcat-9.0.65\conf\Catalina\localhost\first-project.xml] a pris [162] ms
25-Jul-2022 10:50:32.634 WARNING [http-nio-8080-exec-10] org.apache.catalina.realm.LockOutRealm.filterLockedAccounts Une tentative d'authentification a été effectuée pour l'utilisateur verrouillé ("locked user") []
25-Jul-2022 10:50:32.638 INFO [http-nio-8080-exec-6] org.apache.catalina.util.LifecycleBase.start La méthode start() a été appelée sur le composant [StandardEngine[Catalina].StandardHost[localhost].StandardContext[/first-project]] après que start() ait déjà été appelé, le deuxième appel sera ignoré
25-Jul-2022 10:51:37.346 INFO [main] org.apache.catalina.core.StandardServer.await Une commande d'arrêt valide a été reçue sur le port d'arrêt, arrêt de l'instance du serveur
25-Jul-2022 10:51:37.346 INFO [main] org.apache.coyote.AbstractProtocol.pause Le gestionnaire de protocole ["http-nio-8080"] est mis en pause
25-Jul-2022 10:51:37.356 INFO [main] org.apache.catalina.core.StandardService.stopInternal Arrêt du service [Catalina]
25-Jul-2022 10:51:37.373 INFO [main] org.apache.coyote.AbstractProtocol.stop Arrêt du gestionnaire de protocole ["http-nio-8080"]
25-Jul-2022 10:51:37.387 INFO [main] org.apache.coyote.AbstractProtocol.destroy Destruction du gestionnaire de protocole ["http-nio-8080"]
25-Jul-2022 10:51:40.502 INFO [main] org.apache.catalina.startup.VersionLoggerListener.log Nom version serveur :              Apache Tomcat/9.0.65
25-Jul-2022 10:51:40.506 INFO [main] org.apache.catalina.startup.VersionLoggerListener.log Serveur compilé :                  Jul 14 2022 12:28:53 UTC
25-Jul-2022 10:51:40.506 INFO [main] org.apache.catalina.startup.VersionLoggerListener.log Version du serveur :               9.0.65.0
25-Jul-2022 10:51:40.506 INFO [main] org.apache.catalina.startup.VersionLoggerListener.log Nom de l'OS :                      Windows 11
25-Jul-2022 10:51:40.506 INFO [main] org.apache.catalina.startup.VersionLoggerListener.log Version OS :                       10.0
25-Jul-2022 10:51:40.506 INFO [main] org.apache.catalina.startup.VersionLoggerListener.log Architecture :                     amd64
25-Jul-2022 10:51:40.506 INFO [main] org.apache.catalina.startup.VersionLoggerListener.log Java Home :                        C:\Program Files\Java\jdk-18.0.2
25-Jul-2022 10:51:40.506 INFO [main] org.apache.catalina.startup.VersionLoggerListener.log Version JVM :                      18.0.2+9-61
25-Jul-2022 10:51:40.506 INFO [main] org.apache.catalina.startup.VersionLoggerListener.log Fournisseur de la JVM :            Oracle Corporation
25-Jul-2022 10:51:40.506 INFO [main] org.apache.catalina.startup.VersionLoggerListener.log CATALINA_BASE :                    C:\Users\bila_\Desktop\J2E\apache-tomcat-9.0.65
25-Jul-2022 10:51:40.506 INFO [main] org.apache.catalina.startup.VersionLoggerListener.log CATALINA_HOME :                    C:\Users\bila_\Desktop\J2E\apache-tomcat-9.0.65
25-Jul-2022 10:51:40.524 INFO [main] org.apache.catalina.startup.VersionLoggerListener.log Argument de la ligne de commande : --add-opens=java.base/java.lang=ALL-UNNAMED
25-Jul-2022 10:51:40.524 INFO [main] org.apache.catalina.startup.VersionLoggerListener.log Argument de la ligne de commande : --add-opens=java.base/java.io=ALL-UNNAMED
25-Jul-2022 10:51:40.524 INFO [main] org.apache.catalina.startup.VersionLoggerListener.log Argument de la ligne de commande : --add-opens=java.base/java.util=ALL-UNNAMED
25-Jul-2022 10:51:40.524 INFO [main] org.apache.catalina.startup.VersionLoggerListener.log Argument de la ligne de commande : --add-opens=java.base/java.util.concurrent=ALL-UNNAMED
25-Jul-2022 10:51:40.524 INFO [main] org.apache.catalina.startup.VersionLoggerListener.log Argument de la ligne de commande : --add-opens=java.rmi/sun.rmi.transport=ALL-UNNAMED
25-Jul-2022 10:51:40.524 INFO [main] org.apache.catalina.startup.VersionLoggerListener.log Argument de la ligne de commande : -Djava.util.logging.config.file=C:\Users\bila_\Desktop\J2E\apache-tomcat-9.0.65\conf\logging.properties
25-Jul-2022 10:51:40.524 INFO [main] org.apache.catalina.startup.VersionLoggerListener.log Argument de la ligne de commande : -Djava.util.logging.manager=org.apache.juli.ClassLoaderLogManager
25-Jul-2022 10:51:40.525 INFO [main] org.apache.catalina.startup.VersionLoggerListener.log Argument de la ligne de commande : -Dhttp.nonProxyHosts=localhost|127.0.0.1|LAPTOP-UJ0N6OHD
25-Jul-2022 10:51:40.525 INFO [main] org.apache.catalina.startup.VersionLoggerListener.log Argument de la ligne de commande : -Djdk.tls.ephemeralDHKeySize=2048
25-Jul-2022 10:51:40.525 INFO [main] org.apache.catalina.startup.VersionLoggerListener.log Argument de la ligne de commande : -Djava.protocol.handler.pkgs=org.apache.catalina.webresources
25-Jul-2022 10:51:40.525 INFO [main] org.apache.catalina.startup.VersionLoggerListener.log Argument de la ligne de commande : -Dignore.endorsed.dirs=
25-Jul-2022 10:51:40.525 INFO [main] org.apache.catalina.startup.VersionLoggerListener.log Argument de la ligne de commande : -Dcatalina.base=C:\Users\bila_\Desktop\J2E\apache-tomcat-9.0.65
25-Jul-2022 10:51:40.525 INFO [main] org.apache.catalina.startup.VersionLoggerListener.log Argument de la ligne de commande : -Dcatalina.home=C:\Users\bila_\Desktop\J2E\apache-tomcat-9.0.65
25-Jul-2022 10:51:40.525 INFO [main] org.apache.catalina.startup.VersionLoggerListener.log Argument de la ligne de commande : -Djava.io.tmpdir=C:\Users\bila_\Desktop\J2E\apache-tomcat-9.0.65\temp
25-Jul-2022 10:51:40.581 INFO [main] org.apache.catalina.core.AprLifecycleListener.lifecycleEvent Chargement de la librairie Apache Tomcat Native [1.2.35] en utilisant APR version [1.7.0]
25-Jul-2022 10:51:40.581 INFO [main] org.apache.catalina.core.AprLifecycleListener.lifecycleEvent Fonctionnalités d'APR : IPv6 [true], sendfile [true], accept filters [false], random [true], UDS [true]
25-Jul-2022 10:51:40.581 INFO [main] org.apache.catalina.core.AprLifecycleListener.lifecycleEvent Configuration de APR/OpenSSL : useAprConnector [false], useOpenSSL [true]
25-Jul-2022 10:51:40.588 INFO [main] org.apache.catalina.core.AprLifecycleListener.initializeSSL OpenSSL a été initialisé avec succès [OpenSSL 1.1.1q  5 Jul 2022]
25-Jul-2022 10:51:40.890 INFO [main] org.apache.coyote.AbstractProtocol.init Initialisation du gestionnaire de protocole ["http-nio-8080"]
25-Jul-2022 10:51:40.915 INFO [main] org.apache.catalina.startup.Catalina.load L'initialisation du serveur a pris [632] millisecondes
25-Jul-2022 10:51:40.965 INFO [main] org.apache.catalina.core.StandardService.startInternal Démarrage du service [Catalina]
25-Jul-2022 10:51:40.965 INFO [main] org.apache.catalina.core.StandardEngine.startInternal Démarrage du moteur de Servlets : [Apache Tomcat/9.0.65]
25-Jul-2022 10:51:40.976 INFO [main] org.apache.catalina.startup.HostConfig.deployDescriptor Déploiement du descripteur de configuration [C:\Users\bila_\Desktop\J2E\apache-tomcat-9.0.65\conf\Catalina\localhost\first-project.xml]
25-Jul-2022 10:51:40.993 WARNING [main] org.apache.catalina.startup.HostConfig.deployDescriptor L'attribut path avec la valeur [/first-project] dans le descripteur de déploiement [C:\Users\bila_\Desktop\J2E\apache-tomcat-9.0.65\conf\Catalina\localhost\first-project.xml] a été ignoré
25-Jul-2022 10:51:41.562 INFO [main] org.apache.catalina.startup.HostConfig.deployDescriptor Le traitement du descripteur de déploiement [C:\Users\bila_\Desktop\J2E\apache-tomcat-9.0.65\conf\Catalina\localhost\first-project.xml] a pris [584] ms
25-Jul-2022 10:51:41.564 INFO [main] org.apache.catalina.startup.HostConfig.deployDirectory Déploiement du répertoire d'application web [C:\Users\bila_\Desktop\J2E\apache-tomcat-9.0.65\webapps\docs]
25-Jul-2022 10:51:41.596 INFO [main] org.apache.catalina.startup.HostConfig.deployDirectory Le déploiement du répertoire [C:\Users\bila_\Desktop\J2E\apache-tomcat-9.0.65\webapps\docs] de l'application web s'est terminé en [32] ms
25-Jul-2022 10:51:41.596 INFO [main] org.apache.catalina.startup.HostConfig.deployDirectory Déploiement du répertoire d'application web [C:\Users\bila_\Desktop\J2E\apache-tomcat-9.0.65\webapps\examples]
25-Jul-2022 10:51:42.096 INFO [main] org.apache.catalina.startup.HostConfig.deployDirectory Le déploiement du répertoire [C:\Users\bila_\Desktop\J2E\apache-tomcat-9.0.65\webapps\examples] de l'application web s'est terminé en [499] ms
25-Jul-2022 10:51:42.096 INFO [main] org.apache.catalina.startup.HostConfig.deployDirectory Déploiement du répertoire d'application web [C:\Users\bila_\Desktop\J2E\apache-tomcat-9.0.65\webapps\host-manager]
25-Jul-2022 10:51:42.141 INFO [main] org.apache.catalina.startup.HostConfig.deployDirectory Le déploiement du répertoire [C:\Users\bila_\Desktop\J2E\apache-tomcat-9.0.65\webapps\host-manager] de l'application web s'est terminé en [45] ms
25-Jul-2022 10:51:42.141 INFO [main] org.apache.catalina.startup.HostConfig.deployDirectory Déploiement du répertoire d'application web [C:\Users\bila_\Desktop\J2E\apache-tomcat-9.0.65\webapps\manager]
25-Jul-2022 10:51:42.190 INFO [main] org.apache.catalina.startup.HostConfig.deployDirectory Le déploiement du répertoire [C:\Users\bila_\Desktop\J2E\apache-tomcat-9.0.65\webapps\manager] de l'application web s'est terminé en [49] ms
25-Jul-2022 10:51:42.191 INFO [main] org.apache.catalina.startup.HostConfig.deployDirectory Déploiement du répertoire d'application web [C:\Users\bila_\Desktop\J2E\apache-tomcat-9.0.65\webapps\ROOT]
25-Jul-2022 10:51:42.222 INFO [main] org.apache.catalina.startup.HostConfig.deployDirectory Le déploiement du répertoire [C:\Users\bila_\Desktop\J2E\apache-tomcat-9.0.65\webapps\ROOT] de l'application web s'est terminé en [31] ms
25-Jul-2022 10:51:42.225 INFO [main] org.apache.coyote.AbstractProtocol.start Démarrage du gestionnaire de protocole ["http-nio-8080"]
25-Jul-2022 10:51:42.276 INFO [main] org.apache.catalina.startup.Catalina.start Le démarrage du serveur a pris [1359] millisecondes
25-Jul-2022 10:51:48.696 INFO [http-nio-8080-exec-7] org.apache.catalina.startup.HostConfig.undeploy Retrait de l'application web ayant pour chemin de contexte [/first-project]
25-Jul-2022 10:51:48.731 INFO [http-nio-8080-exec-3] org.apache.catalina.startup.HostConfig.deployDescriptor Déploiement du descripteur de configuration [C:\Users\bila_\Desktop\J2E\apache-tomcat-9.0.65\conf\Catalina\localhost\first-project.xml]
25-Jul-2022 10:51:48.733 WARNING [http-nio-8080-exec-3] org.apache.catalina.startup.HostConfig.deployDescriptor L'attribut path avec la valeur [/first-project] dans le descripteur de déploiement [C:\Users\bila_\Desktop\J2E\apache-tomcat-9.0.65\conf\Catalina\localhost\first-project.xml] a été ignoré
25-Jul-2022 10:51:48.902 INFO [http-nio-8080-exec-3] org.apache.catalina.startup.HostConfig.deployDescriptor Le traitement du descripteur de déploiement [C:\Users\bila_\Desktop\J2E\apache-tomcat-9.0.65\conf\Catalina\localhost\first-project.xml] a pris [171] ms
25-Jul-2022 10:51:48.905 WARNING [http-nio-8080-exec-8] org.apache.catalina.realm.LockOutRealm.filterLockedAccounts Une tentative d'authentification a été effectuée pour l'utilisateur verrouillé ("locked user") []
25-Jul-2022 10:51:48.909 INFO [http-nio-8080-exec-4] org.apache.catalina.util.LifecycleBase.start La méthode start() a été appelée sur le composant [StandardEngine[Catalina].StandardHost[localhost].StandardContext[/first-project]] après que start() ait déjà été appelé, le deuxième appel sera ignoré
25-Jul-2022 10:54:33.928 WARNING [http-nio-8080-exec-14] org.apache.catalina.realm.LockOutRealm.filterLockedAccounts Une tentative d'authentification a été effectuée pour l'utilisateur verrouillé ("locked user") []
25-Jul-2022 10:54:33.935 WARNING [http-nio-8080-exec-8] org.apache.catalina.realm.LockOutRealm.filterLockedAccounts Une tentative d'authentification a été effectuée pour l'utilisateur verrouillé ("locked user") []
25-Jul-2022 10:54:33.944 WARNING [http-nio-8080-exec-11] org.apache.catalina.realm.LockOutRealm.filterLockedAccounts Une tentative d'authentification a été effectuée pour l'utilisateur verrouillé ("locked user") []
25-Jul-2022 10:54:34.453 INFO [http-nio-8080-exec-13] org.apache.catalina.startup.HostConfig.undeploy Retrait de l'application web ayant pour chemin de contexte [/first-project]
25-Jul-2022 10:54:34.470 WARNING [http-nio-8080-exec-8] org.apache.catalina.realm.LockOutRealm.filterLockedAccounts Une tentative d'authentification a été effectuée pour l'utilisateur verrouillé ("locked user") []
25-Jul-2022 10:54:34.475 INFO [http-nio-8080-exec-15] org.apache.catalina.startup.HostConfig.deployDescriptor Déploiement du descripteur de configuration [C:\Users\bila_\Desktop\J2E\apache-tomcat-9.0.65\conf\Catalina\localhost\first-project.xml]
25-Jul-2022 10:54:34.476 WARNING [http-nio-8080-exec-15] org.apache.catalina.startup.HostConfig.deployDescriptor L'attribut path avec la valeur [/first-project] dans le descripteur de déploiement [C:\Users\bila_\Desktop\J2E\apache-tomcat-9.0.65\conf\Catalina\localhost\first-project.xml] a été ignoré
25-Jul-2022 10:54:34.656 INFO [http-nio-8080-exec-15] org.apache.catalina.startup.HostConfig.deployDescriptor Le traitement du descripteur de déploiement [C:\Users\bila_\Desktop\J2E\apache-tomcat-9.0.65\conf\Catalina\localhost\first-project.xml] a pris [181] ms
25-Jul-2022 10:54:34.658 WARNING [http-nio-8080-exec-12] org.apache.catalina.realm.LockOutRealm.filterLockedAccounts Une tentative d'authentification a été effectuée pour l'utilisateur verrouillé ("locked user") []
25-Jul-2022 10:54:34.661 INFO [http-nio-8080-exec-14] org.apache.catalina.util.LifecycleBase.start La méthode start() a été appelée sur le composant [StandardEngine[Catalina].StandardHost[localhost].StandardContext[/first-project]] après que start() ait déjà été appelé, le deuxième appel sera ignoré
25-Jul-2022 10:57:53.659 WARNING [http-nio-8080-exec-24] org.apache.catalina.realm.LockOutRealm.filterLockedAccounts Une tentative d'authentification a été effectuée pour l'utilisateur verrouillé ("locked user") []
25-Jul-2022 10:57:53.667 WARNING [http-nio-8080-exec-17] org.apache.catalina.realm.LockOutRealm.filterLockedAccounts Une tentative d'authentification a été effectuée pour l'utilisateur verrouillé ("locked user") []
25-Jul-2022 10:57:54.201 INFO [http-nio-8080-exec-19] org.apache.catalina.startup.HostConfig.undeploy Retrait de l'application web ayant pour chemin de contexte [/first-project]
25-Jul-2022 10:58:18.199 WARNING [http-nio-8080-exec-29] org.apache.catalina.realm.LockOutRealm.filterLockedAccounts Une tentative d'authentification a été effectuée pour l'utilisateur verrouillé ("locked user") []
25-Jul-2022 10:58:18.206 WARNING [http-nio-8080-exec-20] org.apache.catalina.realm.LockOutRealm.filterLockedAccounts Une tentative d'authentification a été effectuée pour l'utilisateur verrouillé ("locked user") []
25-Jul-2022 10:58:18.224 WARNING [http-nio-8080-exec-27] org.apache.catalina.realm.LockOutRealm.filterLockedAccounts Une tentative d'authentification a été effectuée pour l'utilisateur verrouillé ("locked user") []
25-Jul-2022 10:58:18.229 INFO [http-nio-8080-exec-21] org.apache.catalina.startup.HostConfig.deployDescriptor Déploiement du descripteur de configuration [C:\Users\bila_\Desktop\J2E\apache-tomcat-9.0.65\conf\Catalina\localhost\first-project.xml]
25-Jul-2022 10:58:18.230 WARNING [http-nio-8080-exec-21] org.apache.catalina.startup.HostConfig.deployDescriptor L'attribut path avec la valeur [/first-project] dans le descripteur de déploiement [C:\Users\bila_\Desktop\J2E\apache-tomcat-9.0.65\conf\Catalina\localhost\first-project.xml] a été ignoré
25-Jul-2022 10:58:18.404 INFO [http-nio-8080-exec-21] org.apache.catalina.startup.HostConfig.deployDescriptor Le traitement du descripteur de déploiement [C:\Users\bila_\Desktop\J2E\apache-tomcat-9.0.65\conf\Catalina\localhost\first-project.xml] a pris [174] ms
25-Jul-2022 10:58:18.406 WARNING [http-nio-8080-exec-29] org.apache.catalina.realm.LockOutRealm.filterLockedAccounts Une tentative d'authentification a été effectuée pour l'utilisateur verrouillé ("locked user") []
25-Jul-2022 10:58:18.409 INFO [http-nio-8080-exec-18] org.apache.catalina.util.LifecycleBase.start La méthode start() a été appelée sur le composant [StandardEngine[Catalina].StandardHost[localhost].StandardContext[/first-project]] après que start() ait déjà été appelé, le deuxième appel sera ignoré
25-Jul-2022 11:01:47.532 WARNING [http-nio-8080-exec-35] org.apache.catalina.realm.LockOutRealm.filterLockedAccounts Une tentative d'authentification a été effectuée pour l'utilisateur verrouillé ("locked user") []
25-Jul-2022 11:01:47.541 WARNING [http-nio-8080-exec-29] org.apache.catalina.realm.LockOutRealm.filterLockedAccounts Une tentative d'authentification a été effectuée pour l'utilisateur verrouillé ("locked user") []
25-Jul-2022 11:01:48.056 INFO [http-nio-8080-exec-31] org.apache.catalina.startup.HostConfig.undeploy Retrait de l'application web ayant pour chemin de contexte [/first-project]
25-Jul-2022 11:01:53.471 WARNING [http-nio-8080-exec-37] org.apache.catalina.realm.LockOutRealm.filterLockedAccounts Une tentative d'authentification a été effectuée pour l'utilisateur verrouillé ("locked user") []
25-Jul-2022 11:01:53.478 WARNING [http-nio-8080-exec-28] org.apache.catalina.realm.LockOutRealm.filterLockedAccounts Une tentative d'authentification a été effectuée pour l'utilisateur verrouillé ("locked user") []
25-Jul-2022 11:01:53.500 WARNING [http-nio-8080-exec-30] org.apache.catalina.realm.LockOutRealm.filterLockedAccounts Une tentative d'authentification a été effectuée pour l'utilisateur verrouillé ("locked user") []
25-Jul-2022 11:01:53.506 INFO [http-nio-8080-exec-34] org.apache.catalina.startup.HostConfig.deployDescriptor Déploiement du descripteur de configuration [C:\Users\bila_\Desktop\J2E\apache-tomcat-9.0.65\conf\Catalina\localhost\first-project.xml]
25-Jul-2022 11:01:53.508 WARNING [http-nio-8080-exec-34] org.apache.catalina.startup.HostConfig.deployDescriptor L'attribut path avec la valeur [/first-project] dans le descripteur de déploiement [C:\Users\bila_\Desktop\J2E\apache-tomcat-9.0.65\conf\Catalina\localhost\first-project.xml] a été ignoré
25-Jul-2022 11:01:53.679 INFO [http-nio-8080-exec-34] org.apache.catalina.startup.HostConfig.deployDescriptor Le traitement du descripteur de déploiement [C:\Users\bila_\Desktop\J2E\apache-tomcat-9.0.65\conf\Catalina\localhost\first-project.xml] a pris [173] ms
25-Jul-2022 11:01:53.681 WARNING [http-nio-8080-exec-37] org.apache.catalina.realm.LockOutRealm.filterLockedAccounts Une tentative d'authentification a été effectuée pour l'utilisateur verrouillé ("locked user") []
25-Jul-2022 11:01:53.685 INFO [http-nio-8080-exec-36] org.apache.catalina.util.LifecycleBase.start La méthode start() a été appelée sur le composant [StandardEngine[Catalina].StandardHost[localhost].StandardContext[/first-project]] après que start() ait déjà été appelé, le deuxième appel sera ignoré
25-Jul-2022 11:03:47.410 WARNING [http-nio-8080-exec-28] org.apache.catalina.realm.LockOutRealm.filterLockedAccounts Une tentative d'authentification a été effectuée pour l'utilisateur verrouillé ("locked user") []
25-Jul-2022 11:03:47.419 WARNING [http-nio-8080-exec-37] org.apache.catalina.realm.LockOutRealm.filterLockedAccounts Une tentative d'authentification a été effectuée pour l'utilisateur verrouillé ("locked user") []
25-Jul-2022 11:03:47.932 INFO [http-nio-8080-exec-39] org.apache.catalina.startup.HostConfig.undeploy Retrait de l'application web ayant pour chemin de contexte [/first-project]
25-Jul-2022 11:03:56.353 WARNING [http-nio-8080-exec-38] org.apache.catalina.realm.LockOutRealm.filterLockedAccounts Une tentative d'authentification a été effectuée pour l'utilisateur verrouillé ("locked user") []
25-Jul-2022 11:03:56.360 WARNING [http-nio-8080-exec-31] org.apache.catalina.realm.LockOutRealm.filterLockedAccounts Une tentative d'authentification a été effectuée pour l'utilisateur verrouillé ("locked user") []
25-Jul-2022 11:03:56.377 WARNING [http-nio-8080-exec-41] org.apache.catalina.realm.LockOutRealm.filterLockedAccounts Une tentative d'authentification a été effectuée pour l'utilisateur verrouillé ("locked user") []
25-Jul-2022 11:03:56.382 INFO [http-nio-8080-exec-33] org.apache.catalina.startup.HostConfig.deployDescriptor Déploiement du descripteur de configuration [C:\Users\bila_\Desktop\J2E\apache-tomcat-9.0.65\conf\Catalina\localhost\first-project.xml]
25-Jul-2022 11:03:56.383 WARNING [http-nio-8080-exec-33] org.apache.catalina.startup.HostConfig.deployDescriptor L'attribut path avec la valeur [/first-project] dans le descripteur de déploiement [C:\Users\bila_\Desktop\J2E\apache-tomcat-9.0.65\conf\Catalina\localhost\first-project.xml] a été ignoré
25-Jul-2022 11:03:56.530 INFO [http-nio-8080-exec-33] org.apache.catalina.startup.HostConfig.deployDescriptor Le traitement du descripteur de déploiement [C:\Users\bila_\Desktop\J2E\apache-tomcat-9.0.65\conf\Catalina\localhost\first-project.xml] a pris [148] ms
25-Jul-2022 11:03:56.532 WARNING [http-nio-8080-exec-37] org.apache.catalina.realm.LockOutRealm.filterLockedAccounts Une tentative d'authentification a été effectuée pour l'utilisateur verrouillé ("locked user") []
25-Jul-2022 11:03:56.535 INFO [http-nio-8080-exec-40] org.apache.catalina.util.LifecycleBase.start La méthode start() a été appelée sur le composant [StandardEngine[Catalina].StandardHost[localhost].StandardContext[/first-project]] après que start() ait déjà été appelé, le deuxième appel sera ignoré
25-Jul-2022 11:06:26.669 WARNING [http-nio-8080-exec-46] org.apache.catalina.realm.LockOutRealm.filterLockedAccounts Une tentative d'authentification a été effectuée pour l'utilisateur verrouillé ("locked user") []
25-Jul-2022 11:06:26.686 WARNING [http-nio-8080-exec-47] org.apache.catalina.realm.LockOutRealm.filterLockedAccounts Une tentative d'authentification a été effectuée pour l'utilisateur verrouillé ("locked user") []
25-Jul-2022 11:06:26.693 WARNING [http-nio-8080-exec-43] org.apache.catalina.realm.LockOutRealm.filterLockedAccounts Une tentative d'authentification a été effectuée pour l'utilisateur verrouillé ("locked user") []
25-Jul-2022 11:06:27.165 WARNING [http-nio-8080-exec-33] org.apache.catalina.realm.LockOutRealm.filterLockedAccounts Une tentative d'authentification a été effectuée pour l'utilisateur verrouillé ("locked user") []
25-Jul-2022 11:06:27.176 WARNING [http-nio-8080-exec-40] org.apache.catalina.realm.LockOutRealm.filterLockedAccounts Une tentative d'authentification a été effectuée pour l'utilisateur verrouillé ("locked user") []
25-Jul-2022 11:06:27.183 WARNING [http-nio-8080-exec-45] org.apache.catalina.realm.LockOutRealm.filterLockedAccounts Une tentative d'authentification a été effectuée pour l'utilisateur verrouillé ("locked user") []
25-Jul-2022 11:06:29.698 WARNING [http-nio-8080-exec-48] org.apache.catalina.realm.LockOutRealm.filterLockedAccounts Une tentative d'authentification a été effectuée pour l'utilisateur verrouillé ("locked user") []
25-Jul-2022 11:06:29.706 WARNING [http-nio-8080-exec-40] org.apache.catalina.realm.LockOutRealm.filterLockedAccounts Une tentative d'authentification a été effectuée pour l'utilisateur verrouillé ("locked user") []
25-Jul-2022 11:06:30.230 INFO [http-nio-8080-exec-43] org.apache.catalina.startup.HostConfig.undeploy Retrait de l'application web ayant pour chemin de contexte [/first-project]
25-Jul-2022 11:06:36.731 WARNING [http-nio-8080-exec-27] org.apache.catalina.realm.LockOutRealm.filterLockedAccounts Une tentative d'authentification a été effectuée pour l'utilisateur verrouillé ("locked user") []
25-Jul-2022 11:06:36.738 WARNING [http-nio-8080-exec-43] org.apache.catalina.realm.LockOutRealm.filterLockedAccounts Une tentative d'authentification a été effectuée pour l'utilisateur verrouillé ("locked user") []
25-Jul-2022 11:06:36.761 WARNING [http-nio-8080-exec-48] org.apache.catalina.realm.LockOutRealm.filterLockedAccounts Une tentative d'authentification a été effectuée pour l'utilisateur verrouillé ("locked user") []
25-Jul-2022 11:06:36.766 INFO [http-nio-8080-exec-27] org.apache.catalina.startup.HostConfig.deployDescriptor Déploiement du descripteur de configuration [C:\Users\bila_\Desktop\J2E\apache-tomcat-9.0.65\conf\Catalina\localhost\first-project.xml]
25-Jul-2022 11:06:36.769 WARNING [http-nio-8080-exec-27] org.apache.catalina.startup.HostConfig.deployDescriptor L'attribut path avec la valeur [/first-project] dans le descripteur de déploiement [C:\Users\bila_\Desktop\J2E\apache-tomcat-9.0.65\conf\Catalina\localhost\first-project.xml] a été ignoré
25-Jul-2022 11:06:36.968 INFO [http-nio-8080-exec-27] org.apache.catalina.startup.HostConfig.deployDescriptor Le traitement du descripteur de déploiement [C:\Users\bila_\Desktop\J2E\apache-tomcat-9.0.65\conf\Catalina\localhost\first-project.xml] a pris [202] ms
25-Jul-2022 11:06:36.970 WARNING [http-nio-8080-exec-47] org.apache.catalina.realm.LockOutRealm.filterLockedAccounts Une tentative d'authentification a été effectuée pour l'utilisateur verrouillé ("locked user") []
25-Jul-2022 11:06:36.974 INFO [http-nio-8080-exec-45] org.apache.catalina.util.LifecycleBase.start La méthode start() a été appelée sur le composant [StandardEngine[Catalina].StandardHost[localhost].StandardContext[/first-project]] après que start() ait déjà été appelé, le deuxième appel sera ignoré
25-Jul-2022 11:09:53.704 WARNING [http-nio-8080-exec-51] org.apache.catalina.realm.LockOutRealm.filterLockedAccounts Une tentative d'authentification a été effectuée pour l'utilisateur verrouillé ("locked user") []
25-Jul-2022 11:09:53.718 WARNING [http-nio-8080-exec-52] org.apache.catalina.realm.LockOutRealm.filterLockedAccounts Une tentative d'authentification a été effectuée pour l'utilisateur verrouillé ("locked user") []
25-Jul-2022 11:09:53.727 WARNING [http-nio-8080-exec-52] org.apache.catalina.realm.LockOutRealm.filterLockedAccounts Une tentative d'authentification a été effectuée pour l'utilisateur verrouillé ("locked user") []
25-Jul-2022 11:09:54.251 WARNING [http-nio-8080-exec-59] org.apache.catalina.realm.LockOutRealm.filterLockedAccounts Une tentative d'authentification a été effectuée pour l'utilisateur verrouillé ("locked user") []
25-Jul-2022 11:09:54.314 WARNING [http-nio-8080-exec-57] org.apache.catalina.realm.LockOutRealm.filterLockedAccounts Une tentative d'authentification a été effectuée pour l'utilisateur verrouillé ("locked user") []
25-Jul-2022 11:09:54.322 WARNING [http-nio-8080-exec-55] org.apache.catalina.realm.LockOutRealm.filterLockedAccounts Une tentative d'authentification a été effectuée pour l'utilisateur verrouillé ("locked user") []
25-Jul-2022 11:09:54.797 WARNING [http-nio-8080-exec-53] org.apache.catalina.realm.LockOutRealm.filterLockedAccounts Une tentative d'authentification a été effectuée pour l'utilisateur verrouillé ("locked user") []
25-Jul-2022 11:09:54.828 WARNING [http-nio-8080-exec-59] org.apache.catalina.realm.LockOutRealm.filterLockedAccounts Une tentative d'authentification a été effectuée pour l'utilisateur verrouillé ("locked user") []
25-Jul-2022 11:09:54.832 INFO [http-nio-8080-exec-55] org.apache.catalina.core.StandardContext.reload Le rechargement du contexte [/first-project] a démarré
25-Jul-2022 11:09:54.979 INFO [http-nio-8080-exec-55] org.apache.catalina.core.StandardContext.reload Le rechargement de ce contexte est terminé
25-Jul-2022 11:10:03.477 INFO [Catalina-utility-2] org.apache.catalina.startup.HostConfig.reload Rechargement du contexte [/first-project]
25-Jul-2022 11:10:03.477 INFO [Catalina-utility-2] org.apache.catalina.core.StandardContext.reload Le rechargement du contexte [/first-project] a démarré
25-Jul-2022 11:10:03.603 INFO [Catalina-utility-2] org.apache.catalina.core.StandardContext.reload Le rechargement de ce contexte est terminé
25-Jul-2022 11:10:58.481 WARNING [http-nio-8080-exec-59] org.apache.catalina.realm.LockOutRealm.filterLockedAccounts Une tentative d'authentification a été effectuée pour l'utilisateur verrouillé ("locked user") []
25-Jul-2022 11:10:58.506 WARNING [http-nio-8080-exec-53] org.apache.catalina.realm.LockOutRealm.filterLockedAccounts Une tentative d'authentification a été effectuée pour l'utilisateur verrouillé ("locked user") []
25-Jul-2022 11:10:58.509 INFO [http-nio-8080-exec-58] org.apache.catalina.core.StandardContext.reload Le rechargement du contexte [/first-project] a démarré
25-Jul-2022 11:10:58.644 INFO [http-nio-8080-exec-58] org.apache.catalina.core.StandardContext.reload Le rechargement de ce contexte est terminé
25-Jul-2022 11:11:27.850 WARNING [http-nio-8080-exec-53] org.apache.catalina.realm.LockOutRealm.filterLockedAccounts Une tentative d'authentification a été effectuée pour l'utilisateur verrouillé ("locked user") []
25-Jul-2022 11:11:27.932 WARNING [http-nio-8080-exec-55] org.apache.catalina.realm.LockOutRealm.filterLockedAccounts Une tentative d'authentification a été effectuée pour l'utilisateur verrouillé ("locked user") []
25-Jul-2022 11:12:04.359 WARNING [http-nio-8080-exec-50] org.apache.catalina.realm.LockOutRealm.filterLockedAccounts Une tentative d'authentification a été effectuée pour l'utilisateur verrouillé ("locked user") []
25-Jul-2022 11:13:16.189 WARNING [http-nio-8080-exec-64] org.apache.catalina.realm.LockOutRealm.filterLockedAccounts Une tentative d'authentification a été effectuée pour l'utilisateur verrouillé ("locked user") []
25-Jul-2022 11:13:16.219 WARNING [http-nio-8080-exec-66] org.apache.catalina.realm.LockOutRealm.filterLockedAccounts Une tentative d'authentification a été effectuée pour l'utilisateur verrouillé ("locked user") []
25-Jul-2022 11:13:16.223 INFO [http-nio-8080-exec-61] org.apache.catalina.core.StandardContext.reload Le rechargement du contexte [/first-project] a démarré
25-Jul-2022 11:13:16.358 INFO [http-nio-8080-exec-61] org.apache.catalina.core.StandardContext.reload Le rechargement de ce contexte est terminé
25-Jul-2022 11:13:29.365 WARNING [http-nio-8080-exec-50] org.apache.catalina.realm.LockOutRealm.filterLockedAccounts Une tentative d'authentification a été effectuée pour l'utilisateur verrouillé ("locked user") []
25-Jul-2022 11:13:29.392 WARNING [http-nio-8080-exec-61] org.apache.catalina.realm.LockOutRealm.filterLockedAccounts Une tentative d'authentification a été effectuée pour l'utilisateur verrouillé ("locked user") []
25-Jul-2022 11:13:29.395 INFO [http-nio-8080-exec-64] org.apache.catalina.core.StandardContext.reload Le rechargement du contexte [/first-project] a démarré
25-Jul-2022 11:13:29.520 INFO [http-nio-8080-exec-64] org.apache.catalina.core.StandardContext.reload Le rechargement de ce contexte est terminé
25-Jul-2022 11:13:35.481 WARNING [http-nio-8080-exec-59] org.apache.catalina.realm.LockOutRealm.filterLockedAccounts Une tentative d'authentification a été effectuée pour l'utilisateur verrouillé ("locked user") []
25-Jul-2022 11:13:35.490 WARNING [http-nio-8080-exec-63] org.apache.catalina.realm.LockOutRealm.filterLockedAccounts Une tentative d'authentification a été effectuée pour l'utilisateur verrouillé ("locked user") []
25-Jul-2022 11:13:36.002 INFO [http-nio-8080-exec-61] org.apache.catalina.startup.HostConfig.undeploy Retrait de l'application web ayant pour chemin de contexte [/first-project]
25-Jul-2022 11:13:55.909 WARNING [http-nio-8080-exec-50] org.apache.catalina.realm.LockOutRealm.filterLockedAccounts Une tentative d'authentification a été effectuée pour l'utilisateur verrouillé ("locked user") []
25-Jul-2022 11:13:55.915 WARNING [http-nio-8080-exec-61] org.apache.catalina.realm.LockOutRealm.filterLockedAccounts Une tentative d'authentification a été effectuée pour l'utilisateur verrouillé ("locked user") []
25-Jul-2022 11:13:55.933 WARNING [http-nio-8080-exec-55] org.apache.catalina.realm.LockOutRealm.filterLockedAccounts Une tentative d'authentification a été effectuée pour l'utilisateur verrouillé ("locked user") []
25-Jul-2022 11:13:55.936 INFO [http-nio-8080-exec-68] org.apache.catalina.startup.HostConfig.deployDescriptor Déploiement du descripteur de configuration [C:\Users\bila_\Desktop\J2E\apache-tomcat-9.0.65\conf\Catalina\localhost\first-project.xml]
25-Jul-2022 11:13:55.937 WARNING [http-nio-8080-exec-68] org.apache.catalina.startup.HostConfig.deployDescriptor L'attribut path avec la valeur [/first-project] dans le descripteur de déploiement [C:\Users\bila_\Desktop\J2E\apache-tomcat-9.0.65\conf\Catalina\localhost\first-project.xml] a été ignoré
25-Jul-2022 11:13:56.077 INFO [http-nio-8080-exec-68] org.apache.catalina.startup.HostConfig.deployDescriptor Le traitement du descripteur de déploiement [C:\Users\bila_\Desktop\J2E\apache-tomcat-9.0.65\conf\Catalina\localhost\first-project.xml] a pris [140] ms
25-Jul-2022 11:13:56.079 WARNING [http-nio-8080-exec-59] org.apache.catalina.realm.LockOutRealm.filterLockedAccounts Une tentative d'authentification a été effectuée pour l'utilisateur verrouillé ("locked user") []
25-Jul-2022 11:13:56.081 INFO [http-nio-8080-exec-65] org.apache.catalina.util.LifecycleBase.start La méthode start() a été appelée sur le composant [StandardEngine[Catalina].StandardHost[localhost].StandardContext[/first-project]] après que start() ait déjà été appelé, le deuxième appel sera ignoré
25-Jul-2022 11:35:08.961 INFO [http-nio-8080-exec-75] org.apache.catalina.core.StandardContext.reload Le rechargement du contexte [/first-project] a démarré
25-Jul-2022 11:35:09.261 INFO [http-nio-8080-exec-75] org.apache.catalina.core.StandardContext.reload Le rechargement de ce contexte est terminé
25-Jul-2022 11:42:50.207 WARNING [http-nio-8080-exec-88] org.apache.catalina.realm.LockOutRealm.filterLockedAccounts Une tentative d'authentification a été effectuée pour l'utilisateur verrouillé ("locked user") []
25-Jul-2022 11:42:50.725 INFO [http-nio-8080-exec-86] org.apache.catalina.startup.HostConfig.undeploy Retrait de l'application web ayant pour chemin de contexte [/first-project]
25-Jul-2022 11:43:00.783 WARNING [http-nio-8080-exec-87] org.apache.catalina.realm.LockOutRealm.filterLockedAccounts Une tentative d'authentification a été effectuée pour l'utilisateur verrouillé ("locked user") []
25-Jul-2022 11:43:00.789 WARNING [http-nio-8080-exec-86] org.apache.catalina.realm.LockOutRealm.filterLockedAccounts Une tentative d'authentification a été effectuée pour l'utilisateur verrouillé ("locked user") []
25-Jul-2022 11:43:00.810 WARNING [http-nio-8080-exec-81] org.apache.catalina.realm.LockOutRealm.filterLockedAccounts Une tentative d'authentification a été effectuée pour l'utilisateur verrouillé ("locked user") []
25-Jul-2022 11:43:00.817 INFO [http-nio-8080-exec-85] org.apache.catalina.startup.HostConfig.deployDescriptor Déploiement du descripteur de configuration [C:\Users\bila_\Desktop\J2E\apache-tomcat-9.0.65\conf\Catalina\localhost\first-project.xml]
25-Jul-2022 11:43:00.821 WARNING [http-nio-8080-exec-85] org.apache.catalina.startup.HostConfig.deployDescriptor L'attribut path avec la valeur [/first-project] dans le descripteur de déploiement [C:\Users\bila_\Desktop\J2E\apache-tomcat-9.0.65\conf\Catalina\localhost\first-project.xml] a été ignoré
25-Jul-2022 11:43:01.047 INFO [http-nio-8080-exec-85] org.apache.catalina.startup.HostConfig.deployDescriptor Le traitement du descripteur de déploiement [C:\Users\bila_\Desktop\J2E\apache-tomcat-9.0.65\conf\Catalina\localhost\first-project.xml] a pris [229] ms
25-Jul-2022 11:43:01.049 WARNING [http-nio-8080-exec-87] org.apache.catalina.realm.LockOutRealm.filterLockedAccounts Une tentative d'authentification a été effectuée pour l'utilisateur verrouillé ("locked user") []
25-Jul-2022 11:43:01.051 INFO [http-nio-8080-exec-84] org.apache.catalina.util.LifecycleBase.start La méthode start() a été appelée sur le composant [StandardEngine[Catalina].StandardHost[localhost].StandardContext[/first-project]] après que start() ait déjà été appelé, le deuxième appel sera ignoré
25-Jul-2022 12:06:10.157 WARNING [http-nio-8080-exec-97] org.apache.catalina.realm.LockOutRealm.filterLockedAccounts Une tentative d'authentification a été effectuée pour l'utilisateur verrouillé ("locked user") []
25-Jul-2022 12:06:10.168 WARNING [http-nio-8080-exec-93] org.apache.catalina.realm.LockOutRealm.filterLockedAccounts Une tentative d'authentification a été effectuée pour l'utilisateur verrouillé ("locked user") []
25-Jul-2022 12:06:10.737 WARNING [http-nio-8080-exec-95] org.apache.catalina.realm.LockOutRealm.filterLockedAccounts Une tentative d'authentification a été effectuée pour l'utilisateur verrouillé ("locked user") []
25-Jul-2022 12:06:10.767 WARNING [http-nio-8080-exec-91] org.apache.catalina.realm.LockOutRealm.filterLockedAccounts Une tentative d'authentification a été effectuée pour l'utilisateur verrouillé ("locked user") []
25-Jul-2022 12:06:10.769 INFO [http-nio-8080-exec-99] org.apache.catalina.core.StandardContext.reload Le rechargement du contexte [/first-project] a démarré
25-Jul-2022 12:06:10.914 INFO [http-nio-8080-exec-99] org.apache.catalina.core.StandardContext.reload Le rechargement de ce contexte est terminé
25-Jul-2022 12:06:17.540 INFO [Catalina-utility-1] org.apache.catalina.startup.HostConfig.reload Rechargement du contexte [/first-project]
25-Jul-2022 12:06:17.541 INFO [Catalina-utility-1] org.apache.catalina.core.StandardContext.reload Le rechargement du contexte [/first-project] a démarré
25-Jul-2022 12:06:17.673 INFO [Catalina-utility-1] org.apache.catalina.core.StandardContext.reload Le rechargement de ce contexte est terminé
25-Jul-2022 12:07:08.388 WARNING [http-nio-8080-exec-92] org.apache.catalina.realm.LockOutRealm.filterLockedAccounts Une tentative d'authentification a été effectuée pour l'utilisateur verrouillé ("locked user") []
25-Jul-2022 12:07:08.415 WARNING [http-nio-8080-exec-93] org.apache.catalina.realm.LockOutRealm.filterLockedAccounts Une tentative d'authentification a été effectuée pour l'utilisateur verrouillé ("locked user") []
25-Jul-2022 12:07:08.417 INFO [http-nio-8080-exec-100] org.apache.catalina.core.StandardContext.reload Le rechargement du contexte [/first-project] a démarré
25-Jul-2022 12:07:08.560 INFO [http-nio-8080-exec-100] org.apache.catalina.core.StandardContext.reload Le rechargement de ce contexte est terminé
25-Jul-2022 12:07:44.244 WARNING [http-nio-8080-exec-94] org.apache.catalina.realm.LockOutRealm.filterLockedAccounts Une tentative d'authentification a été effectuée pour l'utilisateur verrouillé ("locked user") []
25-Jul-2022 12:07:44.302 WARNING [http-nio-8080-exec-101] org.apache.catalina.realm.LockOutRealm.filterLockedAccounts Une tentative d'authentification a été effectuée pour l'utilisateur verrouillé ("locked user") []
25-Jul-2022 12:10:30.258 WARNING [http-nio-8080-exec-100] org.apache.catalina.realm.LockOutRealm.filterLockedAccounts Une tentative d'authentification a été effectuée pour l'utilisateur verrouillé ("locked user") []
25-Jul-2022 12:10:46.680 WARNING [http-nio-8080-exec-102] org.apache.catalina.realm.LockOutRealm.filterLockedAccounts Une tentative d'authentification a été effectuée pour l'utilisateur verrouillé ("locked user") []
25-Jul-2022 12:13:36.424 WARNING [http-nio-8080-exec-106] org.apache.catalina.realm.LockOutRealm.filterLockedAccounts Une tentative d'authentification a été effectuée pour l'utilisateur verrouillé ("locked user") []
25-Jul-2022 12:13:36.768 WARNING [http-nio-8080-exec-109] org.apache.catalina.realm.LockOutRealm.filterLockedAccounts Une tentative d'authentification a été effectuée pour l'utilisateur verrouillé ("locked user") []
25-Jul-2022 12:15:52.995 WARNING [http-nio-8080-exec-104] org.apache.catalina.realm.LockOutRealm.filterLockedAccounts Une tentative d'authentification a été effectuée pour l'utilisateur verrouillé ("locked user") []
25-Jul-2022 12:15:53.027 WARNING [http-nio-8080-exec-103] org.apache.catalina.realm.LockOutRealm.filterLockedAccounts Une tentative d'authentification a été effectuée pour l'utilisateur verrouillé ("locked user") []
25-Jul-2022 12:15:53.029 INFO [http-nio-8080-exec-106] org.apache.catalina.core.StandardContext.reload Le rechargement du contexte [/first-project] a démarré
25-Jul-2022 12:15:53.171 INFO [http-nio-8080-exec-106] org.apache.catalina.core.StandardContext.reload Le rechargement de ce contexte est terminé
25-Jul-2022 13:06:57.643 INFO [http-nio-8080-exec-120] org.apache.catalina.core.StandardContext.reload Le rechargement du contexte [/first-project] a démarré
25-Jul-2022 13:06:57.920 INFO [http-nio-8080-exec-120] org.apache.catalina.core.StandardContext.reload Le rechargement de ce contexte est terminé
25-Jul-2022 13:08:04.364 WARNING [http-nio-8080-exec-121] org.apache.catalina.realm.LockOutRealm.filterLockedAccounts Une tentative d'authentification a été effectuée pour l'utilisateur verrouillé ("locked user") []
25-Jul-2022 13:08:04.382 WARNING [http-nio-8080-exec-124] org.apache.catalina.realm.LockOutRealm.filterLockedAccounts Une tentative d'authentification a été effectuée pour l'utilisateur verrouillé ("locked user") []
25-Jul-2022 13:08:04.906 INFO [http-nio-8080-exec-113] org.apache.catalina.startup.HostConfig.undeploy Retrait de l'application web ayant pour chemin de contexte [/first-project]
25-Jul-2022 13:08:04.934 WARNING [http-nio-8080-exec-114] org.apache.catalina.realm.LockOutRealm.filterLockedAccounts Une tentative d'authentification a été effectuée pour l'utilisateur verrouillé ("locked user") []
25-Jul-2022 13:08:04.942 INFO [http-nio-8080-exec-122] org.apache.catalina.startup.HostConfig.deployDescriptor Déploiement du descripteur de configuration [C:\Users\bila_\Desktop\J2E\apache-tomcat-9.0.65\conf\Catalina\localhost\first-project.xml]
25-Jul-2022 13:08:04.946 WARNING [http-nio-8080-exec-122] org.apache.catalina.startup.HostConfig.deployDescriptor L'attribut path avec la valeur [/first-project] dans le descripteur de déploiement [C:\Users\bila_\Desktop\J2E\apache-tomcat-9.0.65\conf\Catalina\localhost\first-project.xml] a été ignoré
25-Jul-2022 13:08:05.104 INFO [http-nio-8080-exec-122] org.apache.catalina.startup.HostConfig.deployDescriptor Le traitement du descripteur de déploiement [C:\Users\bila_\Desktop\J2E\apache-tomcat-9.0.65\conf\Catalina\localhost\first-project.xml] a pris [162] ms
25-Jul-2022 13:08:05.105 WARNING [http-nio-8080-exec-121] org.apache.catalina.realm.LockOutRealm.filterLockedAccounts Une tentative d'authentification a été effectuée pour l'utilisateur verrouillé ("locked user") []
25-Jul-2022 13:08:05.108 INFO [http-nio-8080-exec-112] org.apache.catalina.util.LifecycleBase.start La méthode start() a été appelée sur le composant [StandardEngine[Catalina].StandardHost[localhost].StandardContext[/first-project]] après que start() ait déjà été appelé, le deuxième appel sera ignoré
25-Jul-2022 13:08:45.812 WARNING [http-nio-8080-exec-112] org.apache.catalina.realm.LockOutRealm.filterLockedAccounts Une tentative d'authentification a été effectuée pour l'utilisateur verrouillé ("locked user") []
25-Jul-2022 13:08:45.822 WARNING [http-nio-8080-exec-122] org.apache.catalina.realm.LockOutRealm.filterLockedAccounts Une tentative d'authentification a été effectuée pour l'utilisateur verrouillé ("locked user") []
25-Jul-2022 13:08:45.830 WARNING [http-nio-8080-exec-124] org.apache.catalina.realm.LockOutRealm.filterLockedAccounts Une tentative d'authentification a été effectuée pour l'utilisateur verrouillé ("locked user") []
25-Jul-2022 13:08:46.352 INFO [http-nio-8080-exec-113] org.apache.catalina.startup.HostConfig.undeploy Retrait de l'application web ayant pour chemin de contexte [/first-project]
25-Jul-2022 13:08:46.369 WARNING [http-nio-8080-exec-125] org.apache.catalina.realm.LockOutRealm.filterLockedAccounts Une tentative d'authentification a été effectuée pour l'utilisateur verrouillé ("locked user") []
25-Jul-2022 13:08:46.373 INFO [http-nio-8080-exec-130] org.apache.catalina.startup.HostConfig.deployDescriptor Déploiement du descripteur de configuration [C:\Users\bila_\Desktop\J2E\apache-tomcat-9.0.65\conf\Catalina\localhost\first-project.xml]
25-Jul-2022 13:08:46.374 WARNING [http-nio-8080-exec-130] org.apache.catalina.startup.HostConfig.deployDescriptor L'attribut path avec la valeur [/first-project] dans le descripteur de déploiement [C:\Users\bila_\Desktop\J2E\apache-tomcat-9.0.65\conf\Catalina\localhost\first-project.xml] a été ignoré
25-Jul-2022 13:08:46.505 INFO [http-nio-8080-exec-130] org.apache.catalina.startup.HostConfig.deployDescriptor Le traitement du descripteur de déploiement [C:\Users\bila_\Desktop\J2E\apache-tomcat-9.0.65\conf\Catalina\localhost\first-project.xml] a pris [132] ms
25-Jul-2022 13:08:46.507 WARNING [http-nio-8080-exec-124] org.apache.catalina.realm.LockOutRealm.filterLockedAccounts Une tentative d'authentification a été effectuée pour l'utilisateur verrouillé ("locked user") []
25-Jul-2022 13:08:46.510 INFO [http-nio-8080-exec-128] org.apache.catalina.util.LifecycleBase.start La méthode start() a été appelée sur le composant [StandardEngine[Catalina].StandardHost[localhost].StandardContext[/first-project]] après que start() ait déjà été appelé, le deuxième appel sera ignoré
25-Jul-2022 13:09:20.432 WARNING [http-nio-8080-exec-133] org.apache.catalina.realm.LockOutRealm.filterLockedAccounts Une tentative d'authentification a été effectuée pour l'utilisateur verrouillé ("locked user") []
25-Jul-2022 13:09:20.462 WARNING [http-nio-8080-exec-135] org.apache.catalina.realm.LockOutRealm.filterLockedAccounts Une tentative d'authentification a été effectuée pour l'utilisateur verrouillé ("locked user") []
25-Jul-2022 13:09:20.977 INFO [http-nio-8080-exec-128] org.apache.catalina.startup.HostConfig.undeploy Retrait de l'application web ayant pour chemin de contexte [/first-project]
25-Jul-2022 13:09:34.318 WARNING [http-nio-8080-exec-122] org.apache.catalina.realm.LockOutRealm.filterLockedAccounts Une tentative d'authentification a été effectuée pour l'utilisateur verrouillé ("locked user") []
25-Jul-2022 13:09:34.322 WARNING [http-nio-8080-exec-137] org.apache.catalina.realm.LockOutRealm.filterLockedAccounts Une tentative d'authentification a été effectuée pour l'utilisateur verrouillé ("locked user") []
25-Jul-2022 13:09:34.340 WARNING [http-nio-8080-exec-131] org.apache.catalina.realm.LockOutRealm.filterLockedAccounts Une tentative d'authentification a été effectuée pour l'utilisateur verrouillé ("locked user") []
25-Jul-2022 13:09:34.344 INFO [http-nio-8080-exec-136] org.apache.catalina.startup.HostConfig.deployDescriptor Déploiement du descripteur de configuration [C:\Users\bila_\Desktop\J2E\apache-tomcat-9.0.65\conf\Catalina\localhost\first-project.xml]
25-Jul-2022 13:09:34.345 WARNING [http-nio-8080-exec-136] org.apache.catalina.startup.HostConfig.deployDescriptor L'attribut path avec la valeur [/first-project] dans le descripteur de déploiement [C:\Users\bila_\Desktop\J2E\apache-tomcat-9.0.65\conf\Catalina\localhost\first-project.xml] a été ignoré
25-Jul-2022 13:09:34.481 INFO [http-nio-8080-exec-136] org.apache.catalina.startup.HostConfig.deployDescriptor Le traitement du descripteur de déploiement [C:\Users\bila_\Desktop\J2E\apache-tomcat-9.0.65\conf\Catalina\localhost\first-project.xml] a pris [137] ms
25-Jul-2022 13:09:34.483 WARNING [http-nio-8080-exec-127] org.apache.catalina.realm.LockOutRealm.filterLockedAccounts Une tentative d'authentification a été effectuée pour l'utilisateur verrouillé ("locked user") []
25-Jul-2022 13:09:34.486 INFO [http-nio-8080-exec-128] org.apache.catalina.util.LifecycleBase.start La méthode start() a été appelée sur le composant [StandardEngine[Catalina].StandardHost[localhost].StandardContext[/first-project]] après que start() ait déjà été appelé, le deuxième appel sera ignoré
25-Jul-2022 13:09:52.992 INFO [main] org.apache.catalina.core.StandardServer.await Une commande d'arrêt valide a été reçue sur le port d'arrêt, arrêt de l'instance du serveur
25-Jul-2022 13:09:52.997 INFO [main] org.apache.coyote.AbstractProtocol.pause Le gestionnaire de protocole ["http-nio-8080"] est mis en pause
25-Jul-2022 13:09:53.027 INFO [main] org.apache.catalina.core.StandardService.stopInternal Arrêt du service [Catalina]
25-Jul-2022 13:09:53.050 INFO [main] org.apache.coyote.AbstractProtocol.stop Arrêt du gestionnaire de protocole ["http-nio-8080"]
25-Jul-2022 13:09:53.109 INFO [main] org.apache.coyote.AbstractProtocol.destroy Destruction du gestionnaire de protocole ["http-nio-8080"]
